Running linting checks...
backtesting/monte_carlo.py:392: error: Function is missing a return type annotation  [no-untyped-def]
tests/unit/services/test_data_collector.py:28: error: Function is missing a return type annotation  [no-untyped-def]
tests/unit/services/test_data_collector.py:44: error: Function is missing a return type annotation  [no-untyped-def]
tests/unit/services/test_data_collector.py:54: error: Function is missing a return type annotation  [no-untyped-def]
tests/unit/services/test_data_collector.py:68: error: Function is missing a type annotation  [no-untyped-def]
tests/unit/services/test_data_collector.py:79: error: Function is missing a type annotation  [no-untyped-def]
tests/unit/services/test_data_collector.py:112: error: Function is missing a type annotation  [no-untyped-def]
tests/unit/services/test_data_collector.py:125: error: Function is missing a type annotation  [no-untyped-def]
tests/unit/services/test_data_collector.py:134: error: Function is missing a type annotation  [no-untyped-def]
tests/unit/services/test_data_collector.py:146: error: Function is missing a type annotation  [no-untyped-def]
tests/unit/services/test_data_collector.py:183: error: Function is missing a type annotation  [no-untyped-def]
tests/unit/services/test_data_collector.py:195: error: Function is missing a type annotation  [no-untyped-def]
tests/unit/services/test_data_collector.py:220: error: Function is missing a type annotation  [no-untyped-def]
tests/unit/services/test_data_collector.py:243: error: Function is missing a type annotation  [no-untyped-def]
tests/unit/services/test_data_collector.py:262: error: Function is missing a type annotation  [no-untyped-def]
tests/unit/services/test_data_collector.py:295: error: Function is missing a type annotation  [no-untyped-def]
tests/unit/services/test_data_collector.py:314: error: Function is missing a type annotation  [no-untyped-def]
tests/unit/services/test_data_collector.py:338: error: Function is missing a type annotation  [no-untyped-def]
tests/unit/services/test_data_collector.py:361: error: Function is missing a type annotation  [no-untyped-def]
tests/unit/services/test_data_collector.py:370: error: Function is missing a type annotation  [no-untyped-def]
tests/unit/services/test_data_collector.py:400: error: Function is missing a type annotation  [no-untyped-def]
tests/unit/services/test_data_collector.py:408: error: Function is missing a type annotation  [no-untyped-def]
tests/unit/services/test_data_collector.py:431: error: Function is missing a type annotation  [no-untyped-def]
tests/unit/services/test_data_collector.py:447: error: Function is missing a type annotation  [no-untyped-def]
tests/unit/services/test_data_collector.py:451: error: Function is missing a type annotation  [no-untyped-def]
tests/unit/services/test_data_collector.py:467: error: Function is missing a type annotation  [no-untyped-def]
tests/unit/services/test_data_collector.py:486: error: Function is missing a type annotation  [no-untyped-def]
tests/unit/services/test_data_collector.py:501: error: Function is missing a type annotation  [no-untyped-def]
tests/unit/services/test_data_collector.py:514: error: Function is missing a type annotation  [no-untyped-def]
tests/unit/services/test_data_collector.py:531: error: Function is missing a return type annotation  [no-untyped-def]
tests/unit/services/test_data_collector.py:536: error: Function is missing a return type annotation  [no-untyped-def]
tests/unit/services/test_data_collector.py:541: error: Function is missing a type annotation  [no-untyped-def]
tests/unit/services/test_data_collector.py:558: error: Function is missing a type annotation  [no-untyped-def]
tests/unit/services/test_data_collector.py:575: error: Function is missing a type annotation  [no-untyped-def]
tests/unit/services/test_data_collector.py:591: error: Function is missing a type annotation  [no-untyped-def]
tests/unit/services/test_data_collector.py:604: error: Function is missing a type annotation  [no-untyped-def]
tests/unit/services/test_data_collector.py:616: error: Function is missing a type annotation  [no-untyped-def]
tests/unit/services/test_data_collector.py:626: error: Function is missing a type annotation  [no-untyped-def]
tests/unit/services/test_data_collector.py:648: error: Function is missing a type annotation  [no-untyped-def]
tests/unit/services/test_data_collector.py:660: error: Function is missing a return type annotation  [no-untyped-def]
tests/unit/services/test_data_collector.py:660: note: Use "-> None" if function does not return a value
tests/unit/services/test_data_collector.py:677: error: Function is missing a return type annotation  [no-untyped-def]
tests/unit/services/test_data_collector.py:677: note: Use "-> None" if function does not return a value
tests/unit/services/test_data_collector.py:692: error: Function is missing a return type annotation  [no-untyped-def]
tests/unit/services/test_data_collector.py:692: note: Use "-> None" if function does not return a value
tests/unit/services/test_data_collector.py:707: error: Function is missing a return type annotation  [no-untyped-def]
tests/unit/services/test_data_collector.py:707: note: Use "-> None" if function does not return a value
tests/unit/services/test_data_collector.py:722: error: Function is missing a return type annotation  [no-untyped-def]
tests/unit/services/test_data_collector.py:722: note: Use "-> None" if function does not return a value
tests/unit/services/test_data_collector.py:746: error: Function is missing a return type annotation  [no-untyped-def]
tests/unit/services/test_data_collector.py:752: error: Function is missing a type annotation  [no-untyped-def]
tests/unit/services/test_data_collector.py:774: error: Function is missing a type annotation  [no-untyped-def]
tests/unit/services/test_data_collector.py:805: error: Function is missing a type annotation  [no-untyped-def]
tests/unit/services/test_data_collector.py:841: error: Function is missing a type annotation  [no-untyped-def]
tests/unit/services/test_data_collector.py:870: error: Function is missing a type annotation  [no-untyped-def]
tests/unit/services/test_data_collector.py:910: error: Function is missing a type annotation  [no-untyped-def]
tests/unit/services/test_data_collector.py:925: error: Function is missing a type annotation  [no-untyped-def]
tests/unit/services/test_data_collector.py:930: error: Function is missing a type annotation  [no-untyped-def]
tests/unit/services/test_data_collector.py:946: error: Function is missing a type annotation  [no-untyped-def]
tests/unit/services/test_data_collector.py:951: error: Function is missing a type annotation  [no-untyped-def]
tests/unit/services/test_data_collector.py:974: error: Function is missing a type annotation  [no-untyped-def]
tests/unit/services/test_data_collector.py:1012: error: Function is missing a type annotation  [no-untyped-def]
tests/unit/services/test_data_collector.py:1037: error: Function is missing a type annotation  [no-untyped-def]
tests/unit/services/test_data_collector.py:1059: error: Function is missing a type annotation  [no-untyped-def]
tests/unit/services/test_data_collector.py:1085: error: Function is missing a type annotation  [no-untyped-def]
tests/unit/services/test_data_collector.py:1105: error: Function is missing a type annotation  [no-untyped-def]
tests/unit/services/test_data_collector.py:1116: error: Function is missing a type annotation  [no-untyped-def]
tests/unit/services/test_data_collector.py:1124: error: Function is missing a type annotation  [no-untyped-def]
tests/unit/services/test_data_collector.py:1153: error: Function is missing a type annotation  [no-untyped-def]
tests/unit/services/test_data_collector.py:1189: error: Function is missing a type annotation  [no-untyped-def]
tests/unit/services/test_data_collector.py:1237: error: Function is missing a type annotation  [no-untyped-def]
tests/unit/services/test_data_collector.py:1279: error: Function is missing a type annotation  [no-untyped-def]
tests/unit/services/test_data_collector.py:1315: error: Function is missing a type annotation  [no-untyped-def]
tests/unit/services/test_data_collector.py:1369: error: Function is missing a return type annotation  [no-untyped-def]
tests/unit/services/test_data_collector.py:1414: error: Function is missing a type annotation  [no-untyped-def]
tests/unit/services/test_data_collector.py:1461: error: Function is missing a return type annotation  [no-untyped-def]
tests/unit/services/test_data_collector.py:1495: error: Function is missing a type annotation  [no-untyped-def]
tests/unit/services/test_data_collector.py:1536: error: Function is missing a type annotation  [no-untyped-def]
tests/unit/services/test_data_collector.py:1589: error: Function is missing a type annotation  [no-untyped-def]
tests/unit/services/test_data_collector.py:1659: error: Function is missing a return type annotation  [no-untyped-def]
tests/unit/services/test_data_collector.py:1717: error: Function is missing a type annotation  [no-untyped-def]
tests/unit/services/test_data_collector.py:1756: error: Function is missing a type annotation  [no-untyped-def]
tests/unit/services/test_data_collector.py:1811: error: Function is missing a type annotation  [no-untyped-def]
tests/unit/services/test_data_collector.py:1842: error: Function is missing a type annotation  [no-untyped-def]
tests/unit/services/test_data_collector.py:1881: error: Function is missing a type annotation  [no-untyped-def]
tests/unit/services/test_data_collector.py:1917: error: Function is missing a type annotation  [no-untyped-def]
tests/unit/services/test_data_collector.py:1947: error: Function is missing a type annotation  [no-untyped-def]
tests/unit/services/test_data_collector.py:2017: error: Function is missing a type annotation  [no-untyped-def]
tests/unit/services/test_data_collector.py:2039: error: Function is missing a type annotation  [no-untyped-def]
tests/unit/services/test_data_collector.py:2063: error: Function is missing a type annotation  [no-untyped-def]
tests/unit/services/test_data_collector.py:2073: error: Function is missing a return type annotation  [no-untyped-def]
tests/unit/services/test_data_collector.py:2103: error: Function is missing a type annotation  [no-untyped-def]
tests/unit/services/test_data_collector.py:2115: error: Function is missing a type annotation  [no-untyped-def]
tests/unit/services/test_data_collector.py:2131: error: Function is missing a type annotation  [no-untyped-def]
tests/unit/services/test_data_collector.py:2193: error: Function is missing a type annotation  [no-untyped-def]
tests/unit/services/test_data_collector.py:2202: error: Function is missing a type annotation  [no-untyped-def]
tests/unit/services/test_data_collector.py:2267: error: Function is missing a type annotation  [no-untyped-def]
tests/unit/services/test_data_collector.py:2280: error: Function is missing a type annotation  [no-untyped-def]
tests/unit/services/test_data_collector.py:2350: error: Function is missing a type annotation  [no-untyped-def]
tests/unit/services/test_data_collector.py:2367: error: Function is missing a type annotation  [no-untyped-def]
tests/unit/services/test_data_collector.py:2415: error: Function is missing a return type annotation  [no-untyped-def]
services/strategy_engine/src/redis_integration.py:300: error: Function is missing a type annotation for one or more arguments  [no-untyped-def]
services/strategy_engine/src/backtesting_engine.py:101: error: Function is missing a return type annotation  [no-untyped-def]
services/strategy_engine/src/backtesting_engine.py:101: note: Use "-> None" if function does not return a value
services/risk_manager/src/risk_service.py:137: error: Function is missing a return type annotation  [no-untyped-def]
services/risk_manager/src/risk_service.py:137: note: Use "-> None" if function does not return a value
services/risk_manager/src/risk_service.py:513: error: Function is missing a return type annotation  [no-untyped-def]
services/risk_manager/src/risk_service.py:839: error: Function is missing a return type annotation  [no-untyped-def]
services/risk_manager/src/risk_service.py:857: error: Function is missing a return type annotation  [no-untyped-def]
services/risk_manager/src/risk_service.py:857: note: Use "-> None" if function does not return a value
services/risk_manager/src/risk_service.py:870: error: Function is missing a return type annotation  [no-untyped-def]
services/risk_manager/src/risk_service.py:1180: error: Function is missing a return type annotation  [no-untyped-def]
services/risk_manager/src/risk_service.py:1180: note: Use "-> None" if function does not return a value
services/risk_manager/src/main.py:53: error: Function is missing a return type annotation  [no-untyped-def]
services/risk_manager/src/main.py:53: note: Use "-> None" if function does not return a value
services/risk_manager/src/main.py:89: error: Function is missing a return type annotation  [no-untyped-def]
services/risk_manager/src/main.py:225: error: Function is missing a return type annotation  [no-untyped-def]
services/risk_manager/src/main.py:262: error: Function is missing a return type annotation  [no-untyped-def]
services/risk_manager/src/main.py:308: error: Function is missing a return type annotation  [no-untyped-def]
services/risk_manager/src/main.py:338: error: Function is missing a return type annotation  [no-untyped-def]
services/risk_manager/src/main.py:367: error: Function is missing a return type annotation  [no-untyped-def]
services/risk_manager/src/main.py:412: error: Function is missing a return type annotation  [no-untyped-def]
services/risk_manager/src/main.py:461: error: Function is missing a return type annotation  [no-untyped-def]
services/risk_manager/src/main.py:498: error: Function is missing a return type annotation  [no-untyped-def]
services/risk_manager/src/main.py:540: error: Function is missing a return type annotation  [no-untyped-def]
services/risk_manager/src/main.py:565: error: Function is missing a return type annotation  [no-untyped-def]
services/risk_manager/src/main.py:604: error: Function is missing a return type annotation  [no-untyped-def]
services/risk_manager/src/main.py:623: error: Function is missing a return type annotation  [no-untyped-def]
services/risk_manager/src/main.py:718: error: Function is missing a return type annotation  [no-untyped-def]
services/risk_manager/src/main.py:741: error: Function is missing a return type annotation  [no-untyped-def]
services/risk_manager/src/main.py:775: error: Function is missing a return type annotation  [no-untyped-def]
services/risk_manager/src/main.py:806: error: Function is missing a return type annotation  [no-untyped-def]
services/risk_manager/src/main.py:806: note: Use "-> None" if function does not return a value
services/risk_manager/src/main.py:835: error: Function is missing a return type annotation  [no-untyped-def]
services/risk_manager/src/main.py:835: note: Use "-> None" if function does not return a value
services/risk_manager/src/main.py:870: error: Function is missing a return type annotation  [no-untyped-def]
services/risk_manager/src/main.py:900: error: Function is missing a return type annotation  [no-untyped-def]
services/risk_manager/src/main.py:922: error: Function is missing a return type annotation  [no-untyped-def]
services/risk_manager/src/main.py:942: error: Function is missing a return type annotation  [no-untyped-def]
services/risk_manager/src/main.py:984: error: Function is missing a return type annotation  [no-untyped-def]
services/risk_manager/src/main.py:984: note: Use "-> None" if function does not return a value
services/risk_manager/src/main.py:1001: error: Function is missing a return type annotation  [no-untyped-def]
services/risk_manager/src/main.py:1043: error: Function is missing a return type annotation  [no-untyped-def]
services/risk_manager/src/main.py:1062: error: Function is missing a return type annotation  [no-untyped-def]
services/risk_manager/src/main.py:1062: note: Use "-> None" if function does not return a value
services/risk_manager/src/main.py:1098: error: Function is missing a type annotation for one or more arguments  [no-untyped-def]
services/risk_manager/src/main.py:1143: error: Function is missing a type annotation  [no-untyped-def]
services/risk_manager/src/main.py:1155: error: Function is missing a return type annotation  [no-untyped-def]
services/risk_manager/src/main.py:1155: note: Use "-> None" if function does not return a value
services/risk_manager/src/main.py:1161: error: Function is missing a return type annotation  [no-untyped-def]
services/risk_manager/src/main.py:1161: note: Use "-> None" if function does not return a value
services/risk_manager/src/main.py:1174: error: Function is missing a return type annotation  [no-untyped-def]
services/risk_manager/src/main.py:1174: note: Use "-> None" if function does not return a value
services/risk_manager/src/main.py:1179: error: Function is missing a return type annotation  [no-untyped-def]
services/risk_manager/src/main.py:1179: note: Use "-> None" if function does not return a value
services/risk_manager/src/main.py:1187: error: Function is missing a return type annotation  [no-untyped-def]
tests/unit/services/test_risk_manager.py:27: error: Function is missing a return type annotation  [no-untyped-def]
tests/unit/services/test_risk_manager.py:44: error: Function is missing a return type annotation  [no-untyped-def]
tests/unit/services/test_risk_manager.py:53: error: Function is missing a return type annotation  [no-untyped-def]
tests/unit/services/test_risk_manager.py:61: error: Function is missing a return type annotation  [no-untyped-def]
tests/unit/services/test_risk_manager.py:93: error: Function is missing a return type annotation  [no-untyped-def]
tests/unit/services/test_risk_manager.py:107: error: Function is missing a return type annotation  [no-untyped-def]
tests/unit/services/test_risk_manager.py:111: error: Function is missing a type annotation  [no-untyped-def]
tests/unit/services/test_risk_manager.py:119: error: Function is missing a type annotation  [no-untyped-def]
tests/unit/services/test_risk_manager.py:143: error: Function is missing a type annotation  [no-untyped-def]
tests/unit/services/test_risk_manager.py:167: error: Function is missing a type annotation  [no-untyped-def]
tests/unit/services/test_risk_manager.py:193: error: Function is missing a type annotation  [no-untyped-def]
tests/unit/services/test_risk_manager.py:222: error: Function is missing a type annotation  [no-untyped-def]
tests/unit/services/test_risk_manager.py:250: error: Function is missing a type annotation  [no-untyped-def]
tests/unit/services/test_risk_manager.py:285: error: Function is missing a type annotation  [no-untyped-def]
tests/unit/services/test_risk_manager.py:302: error: Function is missing a type annotation  [no-untyped-def]
tests/unit/services/test_risk_manager.py:317: error: Function is missing a type annotation  [no-untyped-def]
tests/unit/services/test_risk_manager.py:347: error: Function is missing a type annotation  [no-untyped-def]
tests/unit/services/test_risk_manager.py:368: error: Function is missing a type annotation  [no-untyped-def]
tests/unit/services/test_risk_manager.py:392: error: Function is missing a type annotation  [no-untyped-def]
services/trade_executor/src/alpaca_client.py:64: error: Function is missing a type annotation  [no-untyped-def]
services/trade_executor/src/alpaca_client.py:67: error: Function is missing a return type annotation  [no-untyped-def]
services/trade_executor/src/alpaca_client.py:67: note: Use "-> None" if function does not return a value
services/trade_executor/src/alpaca_client.py:70: error: Function is missing a type annotation  [no-untyped-def]
services/trade_executor/src/alpaca_client.py:73: error: Function is missing a return type annotation  [no-untyped-def]
services/trade_executor/src/alpaca_client.py:76: error: Function is missing a type annotation  [no-untyped-def]
services/trade_executor/src/alpaca_client.py:79: error: Function is missing a type annotation  [no-untyped-def]
services/trade_executor/src/alpaca_client.py:82: error: Function is missing a type annotation  [no-untyped-def]
services/trade_executor/src/alpaca_client.py:85: error: Function is missing a type annotation  [no-untyped-def]
services/trade_executor/src/alpaca_client.py:88: error: Function is missing a type annotation  [no-untyped-def]
services/trade_executor/src/alpaca_client.py:91: error: Function is missing a type annotation  [no-untyped-def]
services/trade_executor/src/alpaca_client.py:94: error: Function is missing a type annotation  [no-untyped-def]
services/trade_executor/src/alpaca_client.py:97: error: Function is missing a type annotation  [no-untyped-def]
services/trade_executor/src/alpaca_client.py:100: error: Function is missing a return type annotation  [no-untyped-def]
services/trade_executor/src/alpaca_client.py:100: note: Use "-> None" if function does not return a value
services/trade_executor/src/alpaca_client.py:104: error: Function is missing a type annotation  [no-untyped-def]
services/trade_executor/src/alpaca_client.py:107: error: Function is missing a type annotation  [no-untyped-def]
services/trade_executor/src/alpaca_client.py:110: error: Function is missing a type annotation  [no-untyped-def]
services/trade_executor/src/alpaca_client.py:113: error: Function is missing a type annotation  [no-untyped-def]
services/trade_executor/src/alpaca_client.py:117: error: Function is missing a type annotation  [no-untyped-def]
services/trade_executor/src/alpaca_client.py:120: error: Function is missing a type annotation  [no-untyped-def]
services/trade_executor/src/alpaca_client.py:123: error: Function is missing a type annotation  [no-untyped-def]
services/trade_executor/src/alpaca_client.py:126: error: Function is missing a type annotation  [no-untyped-def]
services/trade_executor/src/alpaca_client.py:129: error: Function is missing a type annotation  [no-untyped-def]
services/trade_executor/src/alpaca_client.py:132: error: Function is missing a return type annotation  [no-untyped-def]
services/trade_executor/src/alpaca_client.py:132: note: Use "-> None" if function does not return a value
services/trade_executor/src/alpaca_client.py:135: error: Function is missing a return type annotation  [no-untyped-def]
services/trade_executor/src/alpaca_client.py:135: note: Use "-> None" if function does not return a value
services/trade_executor/src/alpaca_client.py:139: error: Function is missing a return type annotation  [no-untyped-def]
services/trade_executor/src/alpaca_client.py:139: note: Use "-> None" if function does not return a value
services/trade_executor/src/alpaca_client.py:156: error: Function is missing a return type annotation  [no-untyped-def]
services/trade_executor/src/alpaca_client.py:156: note: Use "-> None" if function does not return a value
services/trade_executor/src/alpaca_client.py:164: error: Function is missing a return type annotation  [no-untyped-def]
services/trade_executor/src/alpaca_client.py:164: note: Use "-> None" if function does not return a value
services/trade_executor/src/alpaca_client.py:228: error: Function is missing a type annotation  [no-untyped-def]
services/trade_executor/src/alpaca_client.py:232: error: Function is missing a type annotation  [no-untyped-def]
services/trade_executor/src/alpaca_client.py:236: error: Function is missing a type annotation  [no-untyped-def]
services/trade_executor/src/alpaca_client.py:240: error: Function is missing a type annotation  [no-untyped-def]
services/trade_executor/src/alpaca_client.py:244: error: Function is missing a type annotation  [no-untyped-def]
services/trade_executor/src/alpaca_client.py:248: error: Function is missing a type annotation  [no-untyped-def]
services/trade_executor/src/alpaca_client.py:252: error: Function is missing a type annotation  [no-untyped-def]
services/trade_executor/src/alpaca_client.py:256: error: Function is missing a type annotation  [no-untyped-def]
services/trade_executor/src/alpaca_client.py:305: error: Function is missing a return type annotation  [no-untyped-def]
services/trade_executor/src/alpaca_client.py:305: note: Use "-> None" if function does not return a value
services/trade_executor/src/alpaca_client.py:320: error: Function is missing a return type annotation  [no-untyped-def]
services/trade_executor/src/alpaca_client.py:320: note: Use "-> None" if function does not return a value
services/trade_executor/src/alpaca_client.py:349: error: Function is missing a return type annotation  [no-untyped-def]
services/trade_executor/src/alpaca_client.py:354: error: Function is missing a type annotation  [no-untyped-def]
services/trade_executor/src/alpaca_client.py:358: error: Function is missing a return type annotation  [no-untyped-def]
services/trade_executor/src/alpaca_client.py:358: note: Use "-> None" if function does not return a value
services/trade_executor/src/alpaca_client.py:378: error: Function is missing a return type annotation  [no-untyped-def]
services/trade_executor/src/alpaca_client.py:378: note: Use "-> None" if function does not return a value
services/trade_executor/src/alpaca_client.py:1427: error: Function is missing a type annotation for one or more arguments  [no-untyped-def]
services/trade_executor/src/alpaca_client.py:1613: error: Function is missing a type annotation  [no-untyped-def]
services/trade_executor/src/alpaca_client.py:1630: error: Function is missing a return type annotation  [no-untyped-def]
services/trade_executor/src/alpaca_client.py:1630: note: Use "-> None" if function does not return a value