Running linting checks...
services/data_collector/src/scheduler_service.py:380: error: Function is missing a return type annotation  [no-untyped-def]
services/data_collector/src/scheduler_service.py:380: note: Use "-> None" if function does not return a value
services/data_collector/src/scheduler_service.py:401: error: Function is missing a return type annotation  [no-untyped-def]
services/data_collector/src/scheduler_service.py:401: note: Use "-> None" if function does not return a value
services/data_collector/src/scheduler_service.py:420: error: Function is missing a return type annotation  [no-untyped-def]
services/data_collector/src/scheduler_service.py:441: error: Function is missing a return type annotation  [no-untyped-def]
services/data_collector/src/scheduler_service.py:484: error: Function is missing a return type annotation  [no-untyped-def]
services/data_collector/src/scheduler_service.py:484: note: Use "-> None" if function does not return a value
services/data_collector/src/scheduler_service.py:587: error: Function is missing a return type annotation  [no-untyped-def]
services/data_collector/src/scheduler_service.py:600: error: Function is missing a return type annotation  [no-untyped-def]
services/data_collector/src/scheduler_service.py:600: note: Use "-> None" if function does not return a value
services/data_collector/src/scheduler_service.py:603: error: Function is missing a return type annotation  [no-untyped-def]
services/data_collector/src/scheduler_service.py:603: note: Use "-> None" if function does not return a value
services/data_collector/src/scheduler_service.py:752: error: Function is missing a return type annotation  [no-untyped-def]
services/data_collector/src/scheduler_service.py:765: error: Function is missing a return type annotation  [no-untyped-def]
services/data_collector/src/scheduler_service.py:776: error: Function is missing a return type annotation  [no-untyped-def]
services/data_collector/src/scheduler_service.py:864: error: Function is missing a return type annotation  [no-untyped-def]
services/data_collector/src/scheduler_service.py:901: error: Function is missing a return type annotation  [no-untyped-def]
services/data_collector/src/scheduler_service.py:901: note: Use "-> None" if function does not return a value
services/data_collector/src/scheduler_service.py:908: error: Function is missing a return type annotation  [no-untyped-def]
services/data_collector/src/scheduler_service.py:908: note: Use "-> None" if function does not return a value
services/data_collector/src/scheduler_service.py:952: error: Function is missing a return type annotation  [no-untyped-def]
services/data_collector/src/scheduler_service.py:1034: error: Function is missing a return type annotation  [no-untyped-def]
services/data_collector/src/scheduler_service.py:1034: note: Use "-> None" if function does not return a value
services/data_collector/src/scheduler_service.py:1162: error: Function is missing a return type annotation  [no-untyped-def]
services/data_collector/src/scheduler_service.py:1247: error: Function is missing a return type annotation  [no-untyped-def]
services/data_collector/src/scheduler_service.py:1247: note: Use "-> None" if function does not return a value
services/data_collector/src/scheduler_service.py:1297: error: Function is missing a type annotation  [no-untyped-def]
services/data_collector/src/scheduler_service.py:1462: error: Function is missing a return type annotation  [no-untyped-def]
services/data_collector/src/scheduler_service.py:1473: error: Function is missing a return type annotation  [no-untyped-def]
services/data_collector/src/scheduler_service.py:1473: note: Use "-> None" if function does not return a value
services/data_collector/src/scheduler_service.py:1477: error: Function is missing a return type annotation  [no-untyped-def]
services/data_collector/src/scheduler_service.py:1477: note: Use "-> None" if function does not return a value
tests/test_enhanced_algorithm_impact.py:26: error: Function is missing a return type annotation  [no-untyped-def]
tests/test_enhanced_algorithm_impact.py:26: note: Use "-> None" if function does not return a value
tests/test_enhanced_algorithm_impact.py:86: error: Function is missing a return type annotation  [no-untyped-def]
tests/test_enhanced_algorithm_impact.py:86: note: Use "-> None" if function does not return a value
tests/test_enhanced_algorithm_impact.py:125: error: Function is missing a return type annotation  [no-untyped-def]
tests/test_enhanced_algorithm_impact.py:125: note: Use "-> None" if function does not return a value
tests/test_enhanced_algorithm_impact.py:168: error: Function is missing a return type annotation  [no-untyped-def]
tests/test_enhanced_algorithm_impact.py:168: note: Use "-> None" if function does not return a value
tests/test_enhanced_algorithm_impact.py:224: error: Function is missing a return type annotation  [no-untyped-def]
tests/test_enhanced_algorithm_impact.py:224: note: Use "-> None" if function does not return a value
tests/test_enhanced_algorithm_impact.py:284: error: Function is missing a return type annotation  [no-untyped-def]
tests/test_enhanced_algorithm_impact.py:284: note: Use "-> None" if function does not return a value
tests/test_enhanced_algorithm_impact.py:370: error: Function is missing a return type annotation  [no-untyped-def]
tests/test_enhanced_algorithm_impact.py:376: error: Function is missing a type annotation  [no-untyped-def]
tests/test_enhanced_algorithm_impact.py:478: error: Function is missing a return type annotation  [no-untyped-def]
tests/test_enhanced_algorithm_impact.py:478: note: Use "-> None" if function does not return a value
tests/test_enhanced_algorithm_impact.py:541: error: Function is missing a return type annotation  [no-untyped-def]
tests/test_enhanced_algorithm_impact.py:541: note: Use "-> None" if function does not return a value
tests/test_enhanced_algorithm_impact.py:630: error: Function is missing a return type annotation  [no-untyped-def]
tests/test_enhanced_algorithm_impact.py:630: note: Use "-> None" if function does not return a value
tests/test_enhanced_algorithm_impact.py:711: error: Function is missing a return type annotation  [no-untyped-def]
tests/demo_enhanced_scheduler.py:29: error: Function is missing a return type annotation  [no-untyped-def]
tests/demo_enhanced_scheduler.py:29: note: Use "-> None" if function does not return a value
tests/demo_enhanced_scheduler.py:68: error: Function is missing a return type annotation  [no-untyped-def]
tests/demo_enhanced_scheduler.py:68: note: Use "-> None" if function does not return a value
tests/demo_enhanced_scheduler.py:103: error: Function is missing a return type annotation  [no-untyped-def]
tests/demo_enhanced_scheduler.py:103: note: Use "-> None" if function does not return a value
tests/demo_enhanced_scheduler.py:157: error: Function is missing a return type annotation  [no-untyped-def]
tests/demo_enhanced_scheduler.py:157: note: Use "-> None" if function does not return a value
tests/demo_enhanced_scheduler.py:209: error: Function is missing a return type annotation  [no-untyped-def]
tests/demo_enhanced_scheduler.py:209: note: Use "-> None" if function does not return a value
tests/demo_enhanced_scheduler.py:253: error: Function is missing a return type annotation  [no-untyped-def]
tests/demo_enhanced_scheduler.py:253: note: Use "-> None" if function does not return a value
tests/demo_enhanced_scheduler.py:329: error: Function is missing a return type annotation  [no-untyped-def]
tests/demo_enhanced_scheduler.py:336: error: Function is missing a type annotation  [no-untyped-def]
tests/demo_enhanced_scheduler.py:411: error: Function is missing a return type annotation  [no-untyped-def]
tests/demo_enhanced_scheduler.py:411: note: Use "-> None" if function does not return a value
tests/demo_enhanced_scheduler.py:451: error: Function is missing a return type annotation  [no-untyped-def]
tests/demo_enhanced_scheduler.py:451: note: Use "-> None" if function does not return a value
tests/demo_enhanced_scheduler.py:494: error: Function is missing a return type annotation  [no-untyped-def]
tests/demo_enhanced_scheduler.py:494: note: Use "-> None" if function does not return a value
tests/demo_enhanced_scheduler.py:542: error: Function is missing a return type annotation  [no-untyped-def]
tests/unit/test_scheduler.py:30: error: Function is missing a type annotation  [no-untyped-def]
tests/unit/test_scheduler.py:39: error: Function is missing a type annotation  [no-untyped-def]
tests/unit/test_scheduler.py:44: error: Function is missing a type annotation  [no-untyped-def]
tests/unit/test_scheduler.py:54: error: Function is missing a type annotation  [no-untyped-def]
tests/unit/test_scheduler.py:63: error: Function is missing a return type annotation  [no-untyped-def]
tests/unit/test_scheduler.py:75: error: Function is missing a return type annotation  [no-untyped-def]
tests/unit/test_scheduler.py:80: error: Function is missing a type annotation  [no-untyped-def]
tests/unit/test_scheduler.py:87: error: Function is missing a type annotation  [no-untyped-def]
tests/unit/test_scheduler.py:104: error: Function is missing a type annotation  [no-untyped-def]
tests/unit/test_scheduler.py:121: error: Function is missing a return type annotation  [no-untyped-def]
tests/unit/test_scheduler.py:126: error: Function is missing a type annotation  [no-untyped-def]
tests/unit/test_scheduler.py:133: error: Function is missing a type annotation  [no-untyped-def]
tests/unit/test_scheduler.py:147: error: Function is missing a type annotation  [no-untyped-def]
tests/unit/test_scheduler.py:156: error: Function is missing a type annotation  [no-untyped-def]
tests/unit/test_scheduler.py:173: error: Function is missing a return type annotation  [no-untyped-def]
tests/unit/test_scheduler.py:173: note: Use "-> None" if function does not return a value
tests/unit/test_scheduler.py:176: error: Function is missing a return type annotation  [no-untyped-def]
tests/unit/test_scheduler.py:176: note: Use "-> None" if function does not return a value
tests/unit/test_scheduler.py:196: error: Function is missing a return type annotation  [no-untyped-def]
tests/unit/test_scheduler.py:196: note: Use "-> None" if function does not return a value
tests/unit/test_scheduler.py:199: error: Function is missing a return type annotation  [no-untyped-def]
tests/unit/test_scheduler.py:199: note: Use "-> None" if function does not return a value
tests/unit/test_scheduler.py:224: error: Function is missing a return type annotation  [no-untyped-def]
tests/unit/test_scheduler.py:224: note: Use "-> None" if function does not return a value
tests/unit/test_scheduler.py:246: error: Function is missing a return type annotation  [no-untyped-def]
tests/unit/test_scheduler.py:246: note: Use "-> None" if function does not return a value
tests/unit/test_scheduler.py:256: error: Function is missing a return type annotation  [no-untyped-def]
tests/unit/test_scheduler.py:256: note: Use "-> None" if function does not return a value
tests/unit/test_scheduler.py:268: error: Function is missing a return type annotation  [no-untyped-def]
tests/unit/test_scheduler.py:268: note: Use "-> None" if function does not return a value
tests/unit/test_scheduler.py:276: error: Function is missing a return type annotation  [no-untyped-def]
tests/unit/test_scheduler.py:276: note: Use "-> None" if function does not return a value
tests/unit/test_scheduler.py:286: error: Function is missing a return type annotation  [no-untyped-def]
tests/unit/test_scheduler.py:286: note: Use "-> None" if function does not return a value
tests/unit/test_scheduler.py:298: error: Function is missing a return type annotation  [no-untyped-def]
tests/unit/test_scheduler.py:303: error: Function is missing a type annotation  [no-untyped-def]
tests/unit/test_scheduler.py:312: error: Function is missing a return type annotation  [no-untyped-def]
tests/unit/test_scheduler.py:312: note: Use "-> None" if function does not return a value
tests/unit/test_scheduler.py:328: error: Function is missing a type annotation  [no-untyped-def]
tests/unit/services/test_data_collector_scheduler.py:47: error: Function is missing a type annotation  [no-untyped-def]
tests/unit/services/test_data_collector_scheduler.py:73: error: Function is missing a type annotation  [no-untyped-def]
tests/unit/services/test_data_collector_scheduler.py:98: error: Function is missing a type annotation  [no-untyped-def]
tests/unit/services/test_data_collector_scheduler.py:123: error: Function is missing a type annotation  [no-untyped-def]
tests/unit/services/test_data_collector_scheduler.py:155: error: Function is missing a type annotation  [no-untyped-def]
tests/unit/services/test_data_collector_scheduler.py:174: error: Function is missing a type annotation  [no-untyped-def]
tests/unit/services/test_data_collector_scheduler.py:188: error: Function is missing a type annotation  [no-untyped-def]
tests/unit/services/test_data_collector_scheduler.py:202: error: Function is missing a type annotation  [no-untyped-def]
tests/unit/services/test_data_collector_scheduler.py:212: error: Function is missing a type annotation  [no-untyped-def]
tests/unit/services/test_data_collector_scheduler.py:252: error: Function is missing a type annotation  [no-untyped-def]
tests/unit/services/test_data_collector_scheduler.py:272: error: Function is missing a type annotation  [no-untyped-def]
tests/unit/services/test_data_collector_scheduler.py:290: error: Function is missing a type annotation  [no-untyped-def]
tests/unit/services/test_data_collector_scheduler.py:341: error: Function is missing a return type annotation  [no-untyped-def]
tests/unit/services/test_data_collector_scheduler.py:341: note: Use "-> None" if function does not return a value
tests/unit/services/test_data_collector_scheduler.py:360: error: Function is missing a type annotation  [no-untyped-def]
tests/unit/services/test_data_collector_scheduler.py:378: error: Function is missing a type annotation  [no-untyped-def]
tests/unit/services/test_data_collector_scheduler.py:412: error: Function is missing a type annotation  [no-untyped-def]
tests/unit/services/test_data_collector_scheduler.py:448: error: Function is missing a type annotation  [no-untyped-def]
tests/unit/services/test_data_collector_scheduler.py:478: error: Function is missing a type annotation  [no-untyped-def]
tests/unit/services/test_data_collector_scheduler.py:504: error: Function is missing a type annotation  [no-untyped-def]
tests/unit/services/test_data_collector_scheduler.py:528: error: Function is missing a type annotation  [no-untyped-def]
tests/unit/services/test_data_collector_scheduler.py:559: error: Function is missing a type annotation  [no-untyped-def]
tests/unit/services/test_data_collector_scheduler.py:583: error: Function is missing a type annotation  [no-untyped-def]
tests/unit/services/test_data_collector_scheduler.py:609: error: Function is missing a type annotation  [no-untyped-def]
tests/unit/services/test_data_collector_scheduler.py:652: error: Function is missing a type annotation  [no-untyped-def]
tests/unit/services/test_data_collector_scheduler.py:687: error: Function is missing a type annotation  [no-untyped-def]
tests/unit/services/test_data_collector_scheduler.py:723: error: Function is missing a type annotation  [no-untyped-def]
tests/unit/services/test_data_collector_scheduler.py:743: error: Function is missing a type annotation  [no-untyped-def]
tests/unit/services/test_data_collector_scheduler.py:787: error: Function is missing a return type annotation  [no-untyped-def]
tests/unit/services/test_data_collector_scheduler.py:787: note: Use "-> None" if function does not return a value
tests/unit/services/test_data_collector_scheduler.py:800: error: Function is missing a return type annotation  [no-untyped-def]
tests/unit/services/test_data_collector_scheduler.py:800: note: Use "-> None" if function does not return a value
tests/unit/services/test_data_collector_scheduler.py:821: error: Function is missing a return type annotation  [no-untyped-def]
tests/unit/services/test_data_collector_scheduler.py:821: note: Use "-> None" if function does not return a value
tests/integration/mock_services/mock_data_collector.py:85: error: Function is missing a return type annotation  [no-untyped-def]
tests/integration/mock_services/mock_data_collector.py:85: note: Use "-> None" if function does not return a value
tests/integration/mock_services/mock_data_collector.py:108: error: Function is missing a return type annotation  [no-untyped-def]
tests/integration/mock_services/mock_data_collector.py:108: note: Use "-> None" if function does not return a value
tests/integration/mock_services/mock_data_collector.py:128: error: Function is missing a return type annotation  [no-untyped-def]
tests/integration/mock_services/mock_data_collector.py:128: note: Use "-> None" if function does not return a value
tests/integration/mock_services/mock_data_collector.py:148: error: Function is missing a return type annotation  [no-untyped-def]
tests/integration/mock_services/mock_data_collector.py:148: note: Use "-> None" if function does not return a value
tests/integration/mock_services/mock_data_collector.py:190: error: Function is missing a return type annotation  [no-untyped-def]
tests/integration/mock_services/mock_data_collector.py:190: note: Use "-> None" if function does not return a value
tests/integration/mock_services/mock_data_collector.py:213: error: Function is missing a return type annotation  [no-untyped-def]
tests/integration/mock_services/mock_data_collector.py:272: error: Function is missing a return type annotation  [no-untyped-def]
tests/integration/mock_services/mock_data_collector.py:272: note: Use "-> None" if function does not return a value
tests/integration/mock_services/mock_data_collector.py:401: error: Function is missing a return type annotation  [no-untyped-def]
tests/integration/mock_services/mock_data_collector.py:401: note: Use "-> None" if function does not return a value
tests/integration/mock_services/mock_data_collector.py:406: error: Function is missing a return type annotation  [no-untyped-def]
tests/integration/mock_services/mock_data_collector.py:431: error: Function is missing a return type annotation  [no-untyped-def]
tests/integration/mock_services/mock_data_collector.py:431: note: Use "-> None" if function does not return a value
shared/clients/data_collector_client.py:37: error: Function is missing a return type annotation  [no-untyped-def]
shared/clients/data_collector_client.py:42: error: Function is missing a type annotation  [no-untyped-def]
shared/clients/data_collector_client.py:53: error: Function is missing a return type annotation  [no-untyped-def]
shared/clients/data_collector_client.py:53: note: Use "-> None" if function does not return a value
shared/clients/data_collector_client.py:465: error: Function is missing a type annotation  [no-untyped-def]
services/strategy_engine/src/test_mtf_integration.py:130: error: Function is missing a return type annotation  [no-untyped-def]
services/strategy_engine/src/test_mtf_integration.py:166: error: Function is missing a return type annotation  [no-untyped-def]
services/strategy_engine/src/test_mtf_integration.py:262: error: Function is missing a return type annotation  [no-untyped-def]
services/strategy_engine/src/test_mtf_integration.py:325: error: Function is missing a return type annotation  [no-untyped-def]
services/strategy_engine/src/market_regime.py:921: error: Function is missing a return type annotation  [no-untyped-def]
services/strategy_engine/src/market_regime.py:921: note: Use "-> None" if function does not return a value
services/strategy_engine/src/market_regime.py:1138: error: Function is missing a return type annotation  [no-untyped-def]
services/strategy_engine/src/market_regime.py:1138: note: Use "-> None" if function does not return a value
services/strategy_engine/src/market_regime.py:1260: error: Function is missing a return type annotation  [no-untyped-def]
services/strategy_engine/src/market_regime.py:1260: note: Use "-> None" if function does not return a value
services/strategy_engine/src/market_regime.py:1372: error: Function is missing a return type annotation  [no-untyped-def]
services/strategy_engine/src/market_regime.py:1372: note: Use "-> None" if function does not return a value
services/strategy_engine/src/base_strategy.py:186: error: Function is missing a return type annotation  [no-untyped-def]
services/strategy_engine/src/base_strategy.py:186: note: Use "-> None" if function does not return a value
services/strategy_engine/src/ai_strategy.py:248: error: Function is missing a return type annotation  [no-untyped-def]
services/strategy_engine/src/ai_strategy.py:257: error: Function is missing a return type annotation  [no-untyped-def]
services/strategy_engine/src/ai_strategy.py:257: note: Use "-> None" if function does not return a value
services/strategy_engine/src/ai_strategy.py:274: error: Function is missing a return type annotation  [no-untyped-def]
services/strategy_engine/src/ai_strategy.py:274: note: Use "-> None" if function does not return a value
services/strategy_engine/src/ai_strategy.py:282: error: Function is missing a return type annotation  [no-untyped-def]
services/strategy_engine/src/ai_strategy.py:316: error: Function is missing a return type annotation  [no-untyped-def]
services/strategy_engine/src/ai_strategy.py:324: error: Function is missing a return type annotation  [no-untyped-def]
services/strategy_engine/src/ai_strategy.py:324: note: Use "-> None" if function does not return a value
services/strategy_engine/src/ai_strategy.py:960: error: Function is missing a return type annotation  [no-untyped-def]
services/strategy_engine/src/ai_strategy.py:960: note: Use "-> None" if function does not return a value
services/strategy_engine/src/ai_integration.py:111: error: Function is missing a return type annotation  [no-untyped-def]
services/strategy_engine/src/ai_integration.py:145: error: Function is missing a return type annotation  [no-untyped-def]
services/strategy_engine/src/ai_integration.py:185: error: Function is missing a return type annotation  [no-untyped-def]
services/strategy_engine/src/ai_integration.py:210: error: Function is missing a return type annotation  [no-untyped-def]
services/strategy_engine/src/ai_integration.py:236: error: Function is missing a return type annotation  [no-untyped-def]
services/strategy_engine/src/ai_integration.py:303: error: Function is missing a return type annotation  [no-untyped-def]
services/strategy_engine/src/ai_integration.py:380: error: Function is missing a return type annotation  [no-untyped-def]
services/strategy_engine/src/ai_integration.py:380: note: Use "-> None" if function does not return a value
services/strategy_engine/src/ai_integration.py:401: error: Function is missing a return type annotation  [no-untyped-def]
services/strategy_engine/src/ai_integration.py:401: note: Use "-> None" if function does not return a value
services/strategy_engine/src/ai_integration.py:505: error: Function is missing a return type annotation  [no-untyped-def]
services/strategy_engine/src/ai_integration.py:551: error: Function is missing a return type annotation  [no-untyped-def]
services/strategy_engine/src/ai_integration.py:551: note: Use "-> None" if function does not return a value
services/strategy_engine/src/ai_integration.py:631: error: Function is missing a return type annotation  [no-untyped-def]
services/strategy_engine/src/ai_integration.py:657: error: Function is missing a return type annotation  [no-untyped-def]
services/strategy_engine/src/ai_integration.py:666: error: Function is missing a return type annotation  [no-untyped-def]
services/strategy_engine/src/ai_integration.py:666: error: Function is missing a type annotation for one or more arguments  [no-untyped-def]
services/strategy_engine/src/ai_integration.py:688: error: Function is missing a return type annotation  [no-untyped-def]
services/strategy_engine/src/ai_integration.py:718: error: Function is missing a return type annotation  [no-untyped-def]
services/strategy_engine/src/ai_integration.py:718: note: Use "-> None" if function does not return a value
services/strategy_engine/src/ai_integration.py:737: error: Function is missing a return type annotation  [no-untyped-def]
services/strategy_engine/src/ai_integration.py:737: note: Use "-> None" if function does not return a value