Running linting checks...
services/scheduler/src/maintenance_test.py:34: error: Function is missing a return type annotation  [no-untyped-def]
services/scheduler/src/maintenance_test.py:34: note: Use "-> None" if function does not return a value
services/scheduler/src/maintenance_test.py:43: error: Function is missing a return type annotation  [no-untyped-def]
services/scheduler/src/maintenance_test.py:71: error: Function is missing a return type annotation  [no-untyped-def]
services/scheduler/src/maintenance_test.py:71: note: Use "-> None" if function does not return a value
services/scheduler/src/maintenance_test.py:162: error: Function is missing a return type annotation  [no-untyped-def]
services/scheduler/src/maintenance_test.py:162: note: Use "-> None" if function does not return a value
services/scheduler/src/maintenance_test.py:178: error: Function is missing a return type annotation  [no-untyped-def]
services/scheduler/src/maintenance_test.py:178: note: Use "-> None" if function does not return a value
services/scheduler/src/maintenance_test.py:183: error: Function is missing a return type annotation  [no-untyped-def]
services/scheduler/src/maintenance_test.py:183: note: Use "-> None" if function does not return a value
services/scheduler/src/maintenance_test.py:188: error: Function is missing a return type annotation  [no-untyped-def]
services/scheduler/src/maintenance_test.py:188: note: Use "-> None" if function does not return a value
services/scheduler/src/maintenance_test.py:200: error: Function is missing a return type annotation  [no-untyped-def]
services/scheduler/src/maintenance_test.py:200: note: Use "-> None" if function does not return a value
services/scheduler/src/maintenance_test.py:218: error: Function is missing a return type annotation  [no-untyped-def]
services/scheduler/src/maintenance_test.py:218: note: Use "-> None" if function does not return a value
services/scheduler/src/maintenance_test.py:681: error: Function is missing a return type annotation  [no-untyped-def]
services/scheduler/src/maintenance_test.py:714: error: Function is missing a return type annotation  [no-untyped-def]
services/scheduler/src/maintenance_test.py:749: error: Function is missing a return type annotation  [no-untyped-def]
services/scheduler/src/maintenance_test.py:749: note: Use "-> None" if function does not return a value
services/scheduler/src/maintenance_test.py:766: error: Function is missing a return type annotation  [no-untyped-def]
services/scheduler/src/maintenance_test.py:766: note: Use "-> None" if function does not return a value
services/scheduler/src/maintenance_test.py:769: error: Function is missing a return type annotation  [no-untyped-def]
services/scheduler/src/maintenance_test.py:772: error: Function is missing a type annotation  [no-untyped-def]
services/scheduler/src/maintenance_test.py:775: error: Function is missing a type annotation  [no-untyped-def]
services/scheduler/src/maintenance_test.py:778: error: Function is missing a type annotation  [no-untyped-def]
services/scheduler/src/maintenance_test.py:781: error: Function is missing a type annotation  [no-untyped-def]
services/scheduler/src/maintenance_test.py:784: error: Function is missing a return type annotation  [no-untyped-def]
services/scheduler/src/maintenance_test.py:792: error: Function is missing a type annotation  [no-untyped-def]
services/scheduler/src/maintenance_test.py:795: error: Function is missing a type annotation  [no-untyped-def]
services/scheduler/src/maintenance_test.py:798: error: Function is missing a type annotation  [no-untyped-def]
services/scheduler/src/maintenance_test.py:801: error: Function is missing a type annotation  [no-untyped-def]
services/scheduler/src/maintenance_test.py:804: error: Function is missing a type annotation  [no-untyped-def]
services/scheduler/src/maintenance_test.py:807: error: Function is missing a type annotation  [no-untyped-def]
services/scheduler/src/maintenance_test.py:810: error: Function is missing a return type annotation  [no-untyped-def]
services/scheduler/src/maintenance_test.py:810: note: Use "-> None" if function does not return a value
services/scheduler/src/maintenance_test.py:817: error: Function is missing a return type annotation  [no-untyped-def]
services/scheduler/src/maintenance_test.py:817: note: Use "-> None" if function does not return a value
services/scheduler/src/maintenance_test.py:829: error: Function is missing a return type annotation  [no-untyped-def]
services/scheduler/src/maintenance_test.py:829: note: Use "-> None" if function does not return a value
services/scheduler/src/demo_maintenance.py:71: error: Function is missing a return type annotation  [no-untyped-def]
services/scheduler/src/demo_maintenance.py:71: note: Use "-> None" if function does not return a value
services/scheduler/src/demo_maintenance.py:74: error: Function is missing a return type annotation  [no-untyped-def]
services/scheduler/src/demo_maintenance.py:77: error: Function is missing a type annotation  [no-untyped-def]
services/scheduler/src/demo_maintenance.py:81: error: Function is missing a type annotation  [no-untyped-def]
services/scheduler/src/demo_maintenance.py:84: error: Function is missing a type annotation  [no-untyped-def]
services/scheduler/src/demo_maintenance.py:87: error: Function is missing a type annotation  [no-untyped-def]
services/scheduler/src/demo_maintenance.py:91: error: Function is missing a return type annotation  [no-untyped-def]
services/scheduler/src/demo_maintenance.py:91: note: Use "-> None" if function does not return a value
services/scheduler/src/demo_maintenance.py:98: error: Function is missing a type annotation  [no-untyped-def]
services/scheduler/src/demo_maintenance.py:132: error: Function is missing a return type annotation  [no-untyped-def]
services/scheduler/src/demo_maintenance.py:132: note: Use "-> None" if function does not return a value
services/scheduler/src/demo_maintenance.py:140: error: Function is missing a return type annotation  [no-untyped-def]
services/scheduler/src/demo_maintenance.py:140: note: Use "-> None" if function does not return a value
services/scheduler/src/demo_maintenance.py:149: error: Function is missing a type annotation  [no-untyped-def]
services/scheduler/src/demo_maintenance.py:159: error: Function is missing a return type annotation  [no-untyped-def]
services/scheduler/src/demo_maintenance.py:162: error: Function is missing a return type annotation  [no-untyped-def]
services/scheduler/src/demo_maintenance.py:165: error: Function is missing a return type annotation  [no-untyped-def]
services/scheduler/src/demo_maintenance.py:168: error: Function is missing a type annotation  [no-untyped-def]
services/scheduler/src/demo_maintenance.py:171: error: Function is missing a type annotation  [no-untyped-def]
services/scheduler/src/demo_maintenance.py:174: error: Function is missing a type annotation  [no-untyped-def]
services/scheduler/src/demo_maintenance.py:177: error: Function is missing a type annotation  [no-untyped-def]
services/scheduler/src/demo_maintenance.py:180: error: Function is missing a type annotation  [no-untyped-def]
services/scheduler/src/demo_maintenance.py:183: error: Function is missing a type annotation  [no-untyped-def]
services/scheduler/src/demo_maintenance.py:198: error: Function is missing a return type annotation  [no-untyped-def]
services/scheduler/src/demo_maintenance.py:201: error: Function is missing a return type annotation  [no-untyped-def]
services/scheduler/src/demo_maintenance.py:204: error: Function is missing a type annotation  [no-untyped-def]
services/scheduler/src/demo_maintenance.py:224: error: Function is missing a return type annotation  [no-untyped-def]
services/scheduler/src/demo_maintenance.py:254: error: Function is missing a return type annotation  [no-untyped-def]
services/scheduler/src/demo_maintenance.py:254: note: Use "-> None" if function does not return a value
services/scheduler/src/demo_maintenance.py:284: error: Function is missing a return type annotation  [no-untyped-def]
services/scheduler/src/demo_maintenance.py:284: note: Use "-> None" if function does not return a value
services/scheduler/src/demo_maintenance.py:325: error: Function is missing a return type annotation  [no-untyped-def]
services/scheduler/src/demo_maintenance.py:325: note: Use "-> None" if function does not return a value
services/scheduler/src/demo_maintenance.py:402: error: Function is missing a return type annotation  [no-untyped-def]
services/scheduler/src/demo_maintenance.py:402: note: Use "-> None" if function does not return a value
services/scheduler/src/demo_maintenance.py:427: error: Function is missing a return type annotation  [no-untyped-def]
services/scheduler/src/demo_maintenance.py:427: note: Use "-> None" if function does not return a value
services/scheduler/src/demo_maintenance.py:445: error: Function is missing a return type annotation  [no-untyped-def]
services/scheduler/src/demo_maintenance.py:445: note: Use "-> None" if function does not return a value
services/scheduler/src/demo_maintenance.py:463: error: Function is missing a return type annotation  [no-untyped-def]
services/scheduler/src/demo_maintenance.py:463: note: Use "-> None" if function does not return a value
services/scheduler/src/demo_maintenance.py:469: error: Function is missing a return type annotation  [no-untyped-def]
services/scheduler/src/demo_maintenance.py:469: note: Use "-> None" if function does not return a value
services/scheduler/src/demo_maintenance.py:475: error: Function is missing a return type annotation  [no-untyped-def]
services/scheduler/src/demo_maintenance.py:475: note: Use "-> None" if function does not return a value
services/scheduler/src/demo_maintenance.py:484: error: Function is missing a return type annotation  [no-untyped-def]
services/scheduler/src/demo_maintenance.py:484: note: Use "-> None" if function does not return a value
services/scheduler/src/demo_maintenance.py:492: error: Function is missing a return type annotation  [no-untyped-def]
services/scheduler/src/demo_maintenance.py:492: note: Use "-> None" if function does not return a value
services/scheduler/src/demo_maintenance.py:512: error: Function is missing a return type annotation  [no-untyped-def]
services/scheduler/src/demo_maintenance.py:512: note: Use "-> None" if function does not return a value
services/scheduler/src/demo_maintenance.py:606: error: Function is missing a return type annotation  [no-untyped-def]
services/scheduler/src/demo_maintenance.py:606: note: Use "-> None" if function does not return a value
services/scheduler/src/demo_maintenance.py:664: error: Function is missing a return type annotation  [no-untyped-def]
services/scheduler/src/demo_maintenance.py:664: note: Use "-> None" if function does not return a value
services/scheduler/src/demo_maintenance.py:702: error: Function is missing a return type annotation  [no-untyped-def]
services/scheduler/src/demo_maintenance.py:702: note: Use "-> None" if function does not return a value
services/scheduler/src/demo_maintenance.py:725: error: Function is missing a return type annotation  [no-untyped-def]
services/scheduler/src/demo_maintenance.py:725: note: Use "-> None" if function does not return a value
services/scheduler/src/demo_maintenance.py:771: error: Function is missing a return type annotation  [no-untyped-def]
services/scheduler/src/demo_maintenance.py:771: note: Use "-> None" if function does not return a value
services/scheduler/src/demo_maintenance.py:822: error: Function is missing a return type annotation  [no-untyped-def]
services/scheduler/src/demo_maintenance.py:822: note: Use "-> None" if function does not return a value
services/scheduler/src/demo_maintenance.py:877: error: Function is missing a return type annotation  [no-untyped-def]
services/scheduler/src/demo_maintenance.py:925: error: Function is missing a return type annotation  [no-untyped-def]
services/scheduler/src/demo_maintenance.py:925: note: Use "-> None" if function does not return a value
services/scheduler/src/demo_maintenance.py:991: error: Function is missing a return type annotation  [no-untyped-def]
services/scheduler/src/demo_maintenance.py:991: note: Use "-> None" if function does not return a value
services/scheduler/src/demo_maintenance.py:1063: error: Function is missing a return type annotation  [no-untyped-def]
services/scheduler/src/demo_maintenance.py:1063: note: Use "-> None" if function does not return a value
services/scheduler/src/demo_maintenance.py:1090: error: Function is missing a return type annotation  [no-untyped-def]
services/scheduler/src/demo_maintenance.py:1090: note: Use "-> None" if function does not return a value
services/scheduler/src/demo_maintenance.py:1190: error: Function is missing a return type annotation  [no-untyped-def]
services/scheduler/src/demo_maintenance.py:1190: note: Use "-> None" if function does not return a value
services/scheduler/src/demo_maintenance.py:1309: error: Function is missing a return type annotation  [no-untyped-def]
services/scheduler/src/demo_maintenance.py:1326: error: Function is missing a return type annotation  [no-untyped-def]
services/scheduler/src/demo_maintenance.py:1370: error: Function is missing a return type annotation  [no-untyped-def]
services/scheduler/src/demo_maintenance.py:1405: error: Function is missing a return type annotation  [no-untyped-def]
services/scheduler/src/demo_maintenance.py:1405: note: Use "-> None" if function does not return a value
services/scheduler/src/demo_maintenance.py:1471: error: Function is missing a return type annotation  [no-untyped-def]
services/scheduler/src/demo_maintenance.py:1471: note: Use "-> None" if function does not return a value
services/scheduler/src/demo_maintenance.py:1493: error: Function is missing a return type annotation  [no-untyped-def]
services/scheduler/src/demo_maintenance.py:1493: note: Use "-> None" if function does not return a value
services/scheduler/src/demo_maintenance.py:1525: error: Function is missing a return type annotation  [no-untyped-def]
services/scheduler/src/demo_maintenance.py:1587: error: Function is missing a return type annotation  [no-untyped-def]
services/scheduler/src/demo_maintenance.py:1619: error: Function is missing a return type annotation  [no-untyped-def]
services/scheduler/src/demo_maintenance.py:1619: note: Use "-> None" if function does not return a value
services/scheduler/src/demo_maintenance.py:1635: error: Function is missing a return type annotation  [no-untyped-def]
services/scheduler/src/demo_maintenance.py:1635: note: Use "-> None" if function does not return a value
shared/market_hours.py:227: error: Function is missing a return type annotation  [no-untyped-def]
shared/market_hours.py:233: error: Function is missing a type annotation  [no-untyped-def]
shared/market_hours.py:592: error: Function is missing a return type annotation  [no-untyped-def]
shared/market_hours.py:600: error: Function is missing a return type annotation  [no-untyped-def]
shared/market_hours.py:605: error: Function is missing a return type annotation  [no-untyped-def]
shared/market_hours.py:605: note: Use "-> None" if function does not return a value
shared/market_hours.py:620: error: Function is missing a return type annotation  [no-untyped-def]
shared/market_hours.py:620: note: Use "-> None" if function does not return a value
shared/market_hours.py:639: error: Function is missing a return type annotation  [no-untyped-def]
shared/market_hours.py:639: note: Use "-> None" if function does not return a value
shared/market_hours.py:687: error: Function is missing a return type annotation  [no-untyped-def]
shared/market_hours.py:687: note: Use "-> None" if function does not return a value
shared/market_hours.py:722: error: Function is missing a return type annotation  [no-untyped-def]
shared/market_hours.py:772: error: Function is missing a return type annotation  [no-untyped-def]
shared/market_hours.py:806: error: Function is missing a return type annotation  [no-untyped-def]
shared/market_hours.py:806: note: Use "-> None" if function does not return a value
shared/market_hours.py:828: error: Function is missing a return type annotation  [no-untyped-def]
shared/market_hours.py:848: error: Function is missing a return type annotation  [no-untyped-def]
shared/market_hours.py:848: note: Use "-> None" if function does not return a value
tests/integration/test_end_to_end_trade_flow.py:264: error: Function is missing a return type annotation  [no-untyped-def]
tests/integration/test_end_to_end_trade_flow.py:291: error: Function is missing a type annotation  [no-untyped-def]
tests/integration/test_end_to_end_trade_flow.py:436: error: Function is missing a type annotation  [no-untyped-def]
tests/integration/test_end_to_end_trade_flow.py:511: error: Function is missing a type annotation  [no-untyped-def]
tests/integration/test_end_to_end_trade_flow.py:570: error: Function is missing a type annotation  [no-untyped-def]
tests/integration/test_end_to_end_trade_flow.py:634: error: Function is missing a type annotation  [no-untyped-def]
tests/integration/test_end_to_end_trade_flow.py:705: error: Function is missing a type annotation  [no-untyped-def]
tests/integration/test_end_to_end_trade_flow.py:804: error: Function is missing a type annotation  [no-untyped-def]
tests/integration/test_end_to_end_trade_flow.py:886: error: Function is missing a type annotation  [no-untyped-def]
tests/integration/test_end_to_end_trade_flow.py:951: error: Function is missing a type annotation  [no-untyped-def]
tests/integration/test_end_to_end_trade_flow.py:1058: error: Function is missing a type annotation  [no-untyped-def]
tests/integration/test_end_to_end_trade_flow.py:1132: error: Function is missing a type annotation  [no-untyped-def]
tests/integration/test_end_to_end_trade_flow.py:1173: error: Function is missing a type annotation  [no-untyped-def]
tests/integration/test_end_to_end_trade_flow.py:1180: error: Function is missing a type annotation  [no-untyped-def]
tests/integration/test_end_to_end_trade_flow.py:1218: error: Function is missing a type annotation  [no-untyped-def]
tests/integration/test_end_to_end_trade_flow.py:1264: error: Function is missing a type annotation  [no-untyped-def]
tests/integration/test_end_to_end_trade_flow.py:1318: error: Function is missing a type annotation  [no-untyped-def]
tests/integration/test_end_to_end_trade_flow.py:1403: error: Function is missing a type annotation  [no-untyped-def]
tests/integration/test_end_to_end_trade_flow.py:1481: error: Function is missing a type annotation  [no-untyped-def]
tests/integration/test_end_to_end_trade_flow.py:1585: error: Function is missing a type annotation  [no-untyped-def]
tests/integration/test_end_to_end_trade_flow.py:1653: error: Function is missing a type annotation  [no-untyped-def]
tests/integration/test_end_to_end_trade_flow.py:1714: error: Function is missing a type annotation  [no-untyped-def]
tests/integration/test_end_to_end_trade_flow.py:1786: error: Function is missing a type annotation  [no-untyped-def]
tests/integration/test_end_to_end_trade_flow.py:1851: error: Function is missing a type annotation  [no-untyped-def]
tests/integration/test_end_to_end_trade_flow.py:1902: error: Function is missing a type annotation  [no-untyped-def]
tests/integration/test_end_to_end_trade_flow.py:1945: error: Function is missing a type annotation  [no-untyped-def]
tests/integration/test_end_to_end_trade_flow.py:1997: error: Function is missing a type annotation  [no-untyped-def]
tests/integration/test_end_to_end_trade_flow.py:2049: error: Function is missing a type annotation  [no-untyped-def]
tests/integration/test_end_to_end_trade_flow.py:2120: error: Function is missing a type annotation  [no-untyped-def]
tests/integration/test_end_to_end_trade_flow.py:2161: error: Function is missing a type annotation  [no-untyped-def]
tests/integration/test_end_to_end_trade_flow.py:2231: error: Function is missing a type annotation  [no-untyped-def]
tests/integration/test_end_to_end_trade_flow.py:2308: error: Function is missing a type annotation  [no-untyped-def]
tests/integration/test_end_to_end_trade_flow.py:2349: error: Function is missing a type annotation  [no-untyped-def]
tests/integration/test_end_to_end_trade_flow.py:2393: error: Function is missing a type annotation  [no-untyped-def]
tests/integration/test_end_to_end_trade_flow.py:2509: error: Function is missing a type annotation  [no-untyped-def]
tests/integration/test_end_to_end_trade_flow.py:2591: error: Function is missing a type annotation  [no-untyped-def]
tests/integration/test_end_to_end_trade_flow.py:2667: error: Function is missing a type annotation  [no-untyped-def]
tests/integration/test_end_to_end_trade_flow.py:2761: error: Function is missing a type annotation  [no-untyped-def]
tests/integration/test_end_to_end_trade_flow.py:2815: error: Function is missing a type annotation  [no-untyped-def]
tests/integration/test_end_to_end_trade_flow.py:2879: error: Function is missing a return type annotation  [no-untyped-def]
services/scheduler/src/scheduler.py:40: error: Function is missing a return type annotation  [no-untyped-def]
services/scheduler/src/scheduler.py:114: error: Function is missing a return type annotation  [no-untyped-def]
services/scheduler/src/scheduler.py:201: error: Function is missing a return type annotation  [no-untyped-def]
services/scheduler/src/scheduler.py:260: error: Function is missing a return type annotation  [no-untyped-def]
services/scheduler/src/scheduler.py:275: error: Function is missing a return type annotation  [no-untyped-def]
services/scheduler/src/scheduler.py:331: error: Function is missing a return type annotation  [no-untyped-def]
services/scheduler/src/scheduler.py:331: note: Use "-> None" if function does not return a value
services/scheduler/src/scheduler.py:384: error: Function is missing a return type annotation  [no-untyped-def]
services/scheduler/src/scheduler.py:384: note: Use "-> None" if function does not return a value
services/scheduler/src/scheduler.py:418: error: Function is missing a return type annotation  [no-untyped-def]
services/scheduler/src/scheduler.py:418: note: Use "-> None" if function does not return a value
services/scheduler/src/scheduler.py:421: error: Function is missing a type annotation  [no-untyped-def]
services/scheduler/src/scheduler.py:428: error: Function is missing a return type annotation  [no-untyped-def]
services/scheduler/src/scheduler.py:428: note: Use "-> None" if function does not return a value
services/scheduler/src/scheduler.py:459: error: Function is missing a return type annotation  [no-untyped-def]
services/scheduler/src/scheduler.py:459: note: Use "-> None" if function does not return a value
services/scheduler/src/scheduler.py:579: error: Function is missing a return type annotation  [no-untyped-def]
services/scheduler/src/scheduler.py:685: error: Function is missing a return type annotation  [no-untyped-def]
services/scheduler/src/scheduler.py:685: note: Use "-> None" if function does not return a value
services/scheduler/src/scheduler.py:717: error: Function is missing a return type annotation  [no-untyped-def]
services/scheduler/src/scheduler.py:717: note: Use "-> None" if function does not return a value
services/scheduler/src/scheduler.py:733: error: Function is missing a return type annotation  [no-untyped-def]
services/scheduler/src/scheduler.py:733: note: Use "-> None" if function does not return a value
services/scheduler/src/scheduler.py:755: error: Function is missing a return type annotation  [no-untyped-def]
services/scheduler/src/scheduler.py:777: error: Function is missing a return type annotation  [no-untyped-def]
services/scheduler/src/scheduler.py:800: error: Function is missing a return type annotation  [no-untyped-def]
services/scheduler/src/scheduler.py:825: error: Function is missing a return type annotation  [no-untyped-def]
services/scheduler/src/scheduler.py:847: error: Function is missing a return type annotation  [no-untyped-def]
services/scheduler/src/scheduler.py:865: error: Function is missing a return type annotation  [no-untyped-def]
services/scheduler/src/scheduler.py:887: error: Function is missing a return type annotation  [no-untyped-def]
services/scheduler/src/scheduler.py:904: error: Function is missing a return type annotation  [no-untyped-def]
services/scheduler/src/scheduler.py:935: error: Function is missing a return type annotation  [no-untyped-def]
services/scheduler/src/scheduler.py:958: error: Function is missing a return type annotation  [no-untyped-def]
services/scheduler/src/scheduler.py:976: error: Function is missing a return type annotation  [no-untyped-def]
services/scheduler/src/scheduler.py:1004: error: Function is missing a return type annotation  [no-untyped-def]
services/scheduler/src/scheduler.py:1033: error: Function is missing a return type annotation  [no-untyped-def]
services/scheduler/src/scheduler.py:1126: error: Function is missing a return type annotation  [no-untyped-def]
services/scheduler/src/scheduler.py:1137: error: Function is missing a return type annotation  [no-untyped-def]
services/scheduler/src/scheduler.py:1145: error: Function is missing a return type annotation  [no-untyped-def]
services/scheduler/src/scheduler.py:1153: error: Function is missing a return type annotation  [no-untyped-def]
services/scheduler/src/scheduler.py:1162: error: Function is missing a return type annotation  [no-untyped-def]
services/scheduler/src/scheduler.py:1162: error: Function is missing a type annotation for one or more arguments  [no-untyped-def]
services/scheduler/src/scheduler.py:1183: error: Function is missing a return type annotation  [no-untyped-def]
services/scheduler/src/scheduler.py:1183: note: Use "-> None" if function does not return a value
services/scheduler/src/scheduler.py:1205: error: Function is missing a return type annotation  [no-untyped-def]
services/scheduler/src/scheduler.py:1205: note: Use "-> None" if function does not return a value
services/scheduler/src/scheduler.py:1212: error: Function is missing a return type annotation  [no-untyped-def]
services/scheduler/src/scheduler.py:1232: error: Function is missing a return type annotation  [no-untyped-def]
services/scheduler/src/scheduler.py:1232: note: Use "-> None" if function does not return a value
services/scheduler/src/scheduler.py:1246: error: Function is missing a return type annotation  [no-untyped-def]
services/scheduler/src/scheduler.py:1246: note: Use "-> None" if function does not return a value
services/scheduler/src/scheduler.py:1260: error: Function is missing a return type annotation  [no-untyped-def]
services/scheduler/src/scheduler.py:1260: note: Use "-> None" if function does not return a value
services/scheduler/src/scheduler.py:1275: error: Function is missing a return type annotation  [no-untyped-def]
services/scheduler/src/scheduler.py:1275: note: Use "-> None" if function does not return a value
services/scheduler/src/scheduler.py:1360: error: Function is missing a return type annotation  [no-untyped-def]
services/scheduler/src/scheduler.py:1365: error: Function is missing a return type annotation  [no-untyped-def]
services/scheduler/src/scheduler.py:1365: note: Use "-> None" if function does not return a value
services/scheduler/src/scheduler.py:1386: error: Function is missing a return type annotation  [no-untyped-def]
services/scheduler/src/scheduler.py:1401: error: Function is missing a return type annotation  [no-untyped-def]
services/scheduler/src/scheduler.py:1401: note: Use "-> None" if function does not return a value
services/scheduler/src/scheduler.py:1419: error: Function is missing a return type annotation  [no-untyped-def]
services/scheduler/src/scheduler.py:1436: error: Function is missing a return type annotation  [no-untyped-def]
services/scheduler/src/scheduler.py:1436: note: Use "-> None" if function does not return a value
services/scheduler/src/scheduler.py:1577: error: Function is missing a return type annotation  [no-untyped-def]
services/scheduler/src/scheduler.py:1577: note: Use "-> None" if function does not return a value