Running linting checks...
services/strategy_engine/src/main.py:133: error: Function is missing a return type annotation  [no-untyped-def]
services/strategy_engine/src/main.py:133: note: Use "-> None" if function does not return a value
services/strategy_engine/src/main.py:1455: error: Function is missing a return type annotation  [no-untyped-def]
services/strategy_engine/src/main.py:1497: error: Function is missing a return type annotation  [no-untyped-def]
services/strategy_engine/src/main.py:1497: note: Use "-> None" if function does not return a value
services/strategy_engine/src/main.py:1524: error: Function is missing a return type annotation  [no-untyped-def]
services/strategy_engine/src/main.py:1537: error: Function is missing a return type annotation  [no-untyped-def]
services/strategy_engine/src/main.py:1555: error: Function is missing a return type annotation  [no-untyped-def]
services/strategy_engine/src/main.py:1574: error: Function is missing a return type annotation  [no-untyped-def]
services/strategy_engine/src/main.py:1593: error: Function is missing a return type annotation  [no-untyped-def]
services/strategy_engine/src/main.py:1632: error: Function is missing a return type annotation  [no-untyped-def]
services/strategy_engine/src/main.py:1661: error: Function is missing a return type annotation  [no-untyped-def]
services/strategy_engine/src/main.py:1667: error: Function is missing a return type annotation  [no-untyped-def]
services/strategy_engine/src/main.py:1673: error: Function is missing a return type annotation  [no-untyped-def]
services/strategy_engine/src/main.py:1679: error: Function is missing a return type annotation  [no-untyped-def]
services/strategy_engine/src/main.py:1685: error: Function is missing a return type annotation  [no-untyped-def]
services/strategy_engine/src/main.py:1864: error: Function is missing a return type annotation  [no-untyped-def]
services/strategy_engine/src/main.py:1870: error: Function is missing a return type annotation  [no-untyped-def]
services/strategy_engine/src/main.py:1899: error: Function is missing a return type annotation  [no-untyped-def]
services/strategy_engine/src/main.py:1922: error: Function is missing a return type annotation  [no-untyped-def]
services/strategy_engine/src/main.py:1946: error: Function is missing a return type annotation  [no-untyped-def]
services/strategy_engine/src/main.py:1977: error: Function is missing a return type annotation  [no-untyped-def]
services/strategy_engine/src/main.py:2011: error: Function is missing a return type annotation  [no-untyped-def]
services/strategy_engine/src/main.py:2039: error: Function is missing a return type annotation  [no-untyped-def]
services/strategy_engine/src/main.py:2058: error: Function is missing a return type annotation  [no-untyped-def]
services/strategy_engine/src/main.py:2084: error: Function is missing a return type annotation  [no-untyped-def]
services/strategy_engine/src/main.py:2108: error: Function is missing a return type annotation  [no-untyped-def]
services/strategy_engine/src/main.py:2143: error: Function is missing a return type annotation  [no-untyped-def]
services/strategy_engine/src/main.py:2191: error: Function is missing a return type annotation  [no-untyped-def]
services/strategy_engine/src/main.py:2191: note: Use "-> None" if function does not return a value
services/strategy_engine/src/main.py:2199: error: Function is missing a return type annotation  [no-untyped-def]
services/strategy_engine/src/main.py:2199: note: Use "-> None" if function does not return a value
services/strategy_engine/src/main.py:2207: error: Function is missing a return type annotation  [no-untyped-def]
services/strategy_engine/src/main.py:2207: note: Use "-> None" if function does not return a value
services/strategy_engine/src/main.py:2216: error: Function is missing a return type annotation  [no-untyped-def]
services/strategy_engine/src/main.py:2216: note: Use "-> None" if function does not return a value
services/strategy_engine/src/main.py:2223: error: Function is missing a return type annotation  [no-untyped-def]
services/strategy_engine/src/main.py:2228: error: Function is missing a return type annotation  [no-untyped-def]
tests/unit/services/test_strategy_engine.py:16: error: Function is missing a type annotation  [no-untyped-def]
tests/unit/services/test_strategy_engine.py:43: error: Function is missing a return type annotation  [no-untyped-def]
tests/unit/services/test_strategy_engine.py:59: error: Function is missing a return type annotation  [no-untyped-def]
tests/unit/services/test_strategy_engine.py:70: error: Function is missing a return type annotation  [no-untyped-def]
tests/unit/services/test_strategy_engine.py:84: error: Function is missing a return type annotation  [no-untyped-def]
tests/unit/services/test_strategy_engine.py:103: error: Function is missing a type annotation  [no-untyped-def]
tests/unit/services/test_strategy_engine.py:109: error: Function is missing a type annotation  [no-untyped-def]
tests/unit/services/test_strategy_engine.py:128: error: Function is missing a type annotation  [no-untyped-def]
tests/unit/services/test_strategy_engine.py:147: error: Function is missing a type annotation  [no-untyped-def]
tests/unit/services/test_strategy_engine.py:161: error: Function is missing a type annotation  [no-untyped-def]
tests/unit/services/test_strategy_engine.py:175: error: Function is missing a type annotation  [no-untyped-def]
tests/unit/services/test_strategy_engine.py:189: error: Function is missing a type annotation  [no-untyped-def]
tests/unit/services/test_strategy_engine.py:203: error: Function is missing a type annotation  [no-untyped-def]
tests/unit/services/test_strategy_engine.py:215: error: Function is missing a type annotation  [no-untyped-def]
tests/unit/services/test_strategy_engine.py:241: error: Function is missing a type annotation  [no-untyped-def]
tests/unit/services/test_strategy_engine.py:268: error: Function is missing a type annotation  [no-untyped-def]
tests/unit/services/test_strategy_engine.py:289: error: Function is missing a type annotation  [no-untyped-def]
tests/unit/services/test_strategy_engine.py:310: error: Function is missing a type annotation  [no-untyped-def]
tests/unit/services/test_strategy_engine.py:324: error: Function is missing a type annotation  [no-untyped-def]
tests/unit/services/test_strategy_engine.py:335: error: Function is missing a type annotation  [no-untyped-def]
tests/unit/services/test_strategy_engine.py:344: error: Function is missing a type annotation  [no-untyped-def]
tests/unit/services/test_strategy_engine.py:354: error: Function is missing a type annotation  [no-untyped-def]
tests/unit/services/test_strategy_engine.py:364: error: Function is missing a type annotation  [no-untyped-def]
tests/unit/services/test_strategy_engine.py:375: error: Function is missing a type annotation  [no-untyped-def]
tests/unit/services/test_strategy_engine.py:387: error: Function is missing a type annotation  [no-untyped-def]
tests/unit/services/test_strategy_engine.py:406: error: Function is missing a type annotation  [no-untyped-def]
tests/unit/services/test_strategy_engine.py:443: error: Function is missing a type annotation  [no-untyped-def]
tests/unit/services/test_strategy_engine.py:487: error: Function is missing a type annotation  [no-untyped-def]
tests/unit/services/test_strategy_engine.py:513: error: Function is missing a type annotation  [no-untyped-def]
tests/unit/services/test_strategy_engine.py:524: error: Function is missing a type annotation  [no-untyped-def]
tests/unit/services/test_strategy_engine.py:548: error: Function is missing a type annotation  [no-untyped-def]
tests/unit/services/test_strategy_engine.py:571: error: Function is missing a type annotation  [no-untyped-def]
tests/unit/services/test_strategy_engine.py:593: error: Function is missing a type annotation  [no-untyped-def]
tests/unit/services/test_strategy_engine.py:633: error: Function is missing a type annotation  [no-untyped-def]
tests/unit/services/test_strategy_engine.py:657: error: Function is missing a type annotation  [no-untyped-def]
tests/unit/services/test_strategy_engine.py:684: error: Function is missing a type annotation  [no-untyped-def]
tests/unit/services/test_strategy_engine.py:709: error: Function is missing a type annotation  [no-untyped-def]
tests/unit/services/test_strategy_engine.py:723: error: Function is missing a type annotation  [no-untyped-def]
tests/unit/services/test_strategy_engine.py:741: error: Function is missing a return type annotation  [no-untyped-def]
tests/unit/services/test_strategy_engine.py:746: error: Function is missing a return type annotation  [no-untyped-def]
tests/unit/services/test_strategy_engine.py:751: error: Function is missing a type annotation  [no-untyped-def]
tests/unit/services/test_strategy_engine.py:768: error: Function is missing a type annotation  [no-untyped-def]
tests/unit/services/test_strategy_engine.py:790: error: Function is missing a type annotation  [no-untyped-def]
tests/unit/services/test_strategy_engine.py:821: error: Function is missing a type annotation  [no-untyped-def]
tests/unit/services/test_strategy_engine.py:834: error: Function is missing a type annotation  [no-untyped-def]
tests/unit/services/test_strategy_engine.py:843: error: Function is missing a type annotation  [no-untyped-def]
tests/unit/services/test_strategy_engine.py:862: error: Function is missing a type annotation  [no-untyped-def]
services/trade_executor/src/position_tracker.py:63: error: Function is missing a return type annotation  [no-untyped-def]
services/trade_executor/src/position_tracker.py:63: note: Use "-> None" if function does not return a value
services/trade_executor/src/position_tracker.py:91: error: Function is missing a return type annotation  [no-untyped-def]
services/trade_executor/src/position_tracker.py:91: note: Use "-> None" if function does not return a value
services/trade_executor/src/position_tracker.py:103: error: Function is missing a return type annotation  [no-untyped-def]
services/trade_executor/src/position_tracker.py:223: error: Function is missing a return type annotation  [no-untyped-def]
services/trade_executor/src/position_tracker.py:302: error: Function is missing a return type annotation  [no-untyped-def]
services/trade_executor/src/position_tracker.py:329: error: Function is missing a return type annotation  [no-untyped-def]
services/trade_executor/src/position_tracker.py:367: error: Function is missing a return type annotation  [no-untyped-def]
services/trade_executor/src/position_tracker.py:885: error: Function is missing a return type annotation  [no-untyped-def]
services/trade_executor/src/position_tracker.py:885: note: Use "-> None" if function does not return a value
services/trade_executor/src/position_tracker.py:895: error: Function is missing a return type annotation  [no-untyped-def]
services/trade_executor/src/position_tracker.py:915: error: Function is missing a return type annotation  [no-untyped-def]
services/trade_executor/src/position_tracker.py:966: error: Function is missing a return type annotation  [no-untyped-def]
services/trade_executor/src/position_tracker.py:985: error: Function is missing a return type annotation  [no-untyped-def]
services/trade_executor/src/position_tracker.py:1449: error: Function is missing a return type annotation  [no-untyped-def]
services/trade_executor/src/position_tracker.py:1449: note: Use "-> None" if function does not return a value
services/trade_executor/src/position_tracker.py:1502: error: Function is missing a return type annotation  [no-untyped-def]
services/trade_executor/src/order_manager.py:86: error: Function is missing a return type annotation  [no-untyped-def]
services/trade_executor/src/order_manager.py:86: note: Use "-> None" if function does not return a value
services/trade_executor/src/order_manager.py:111: error: Function is missing a return type annotation  [no-untyped-def]
services/trade_executor/src/order_manager.py:111: note: Use "-> None" if function does not return a value
services/trade_executor/src/order_manager.py:1101: error: Function is missing a return type annotation  [no-untyped-def]
services/trade_executor/src/order_manager.py:1152: error: Function is missing a return type annotation  [no-untyped-def]
services/trade_executor/src/order_manager.py:1240: error: Function is missing a return type annotation  [no-untyped-def]
services/trade_executor/src/order_manager.py:1284: error: Function is missing a return type annotation  [no-untyped-def]
services/trade_executor/src/order_manager.py:1306: error: Function is missing a return type annotation  [no-untyped-def]
services/trade_executor/src/order_manager.py:1351: error: Function is missing a return type annotation  [no-untyped-def]
services/trade_executor/src/order_manager.py:1377: error: Function is missing a return type annotation  [no-untyped-def]
services/trade_executor/src/order_manager.py:1404: error: Function is missing a return type annotation  [no-untyped-def]
services/trade_executor/src/order_manager.py:1617: error: Function is missing a return type annotation  [no-untyped-def]
services/trade_executor/src/order_manager.py:1617: note: Use "-> None" if function does not return a value
services/trade_executor/src/order_manager.py:1621: error: Function is missing a return type annotation  [no-untyped-def]
services/trade_executor/src/order_manager.py:1621: note: Use "-> None" if function does not return a value
services/trade_executor/src/execution_engine.py:41: error: Function is missing a return type annotation  [no-untyped-def]
services/trade_executor/src/execution_engine.py:41: note: Use "-> None" if function does not return a value
services/trade_executor/src/execution_engine.py:73: error: Function is missing a return type annotation  [no-untyped-def]
services/trade_executor/src/execution_engine.py:73: note: Use "-> None" if function does not return a value
services/trade_executor/src/execution_engine.py:110: error: Function is missing a return type annotation  [no-untyped-def]
services/trade_executor/src/execution_engine.py:110: note: Use "-> None" if function does not return a value
services/trade_executor/src/execution_engine.py:132: error: Function is missing a return type annotation  [no-untyped-def]
services/trade_executor/src/execution_engine.py:136: error: Function is missing a return type annotation  [no-untyped-def]
services/trade_executor/src/execution_engine.py:158: error: Function is missing a return type annotation  [no-untyped-def]
services/trade_executor/src/execution_engine.py:180: error: Function is missing a return type annotation  [no-untyped-def]
services/trade_executor/src/execution_engine.py:204: error: Function is missing a return type annotation  [no-untyped-def]
services/trade_executor/src/execution_engine.py:218: error: Function is missing a return type annotation  [no-untyped-def]
services/trade_executor/src/execution_engine.py:236: error: Function is missing a return type annotation  [no-untyped-def]
services/trade_executor/src/execution_engine.py:251: error: Function is missing a return type annotation  [no-untyped-def]
services/trade_executor/src/execution_engine.py:278: error: Function is missing a return type annotation  [no-untyped-def]
services/trade_executor/src/execution_engine.py:292: error: Function is missing a return type annotation  [no-untyped-def]
services/trade_executor/src/execution_engine.py:302: error: Function is missing a return type annotation  [no-untyped-def]
services/trade_executor/src/execution_engine.py:314: error: Function is missing a return type annotation  [no-untyped-def]
services/trade_executor/src/execution_engine.py:328: error: Function is missing a return type annotation  [no-untyped-def]
services/trade_executor/src/execution_engine.py:355: error: Function is missing a return type annotation  [no-untyped-def]
services/trade_executor/src/execution_engine.py:365: error: Function is missing a return type annotation  [no-untyped-def]
services/trade_executor/src/execution_engine.py:396: error: Function is missing a return type annotation  [no-untyped-def]
services/trade_executor/src/execution_engine.py:413: error: Function is missing a return type annotation  [no-untyped-def]
services/trade_executor/src/execution_engine.py:439: error: Function is missing a return type annotation  [no-untyped-def]
services/trade_executor/src/execution_engine.py:463: error: Function is missing a return type annotation  [no-untyped-def]
services/trade_executor/src/execution_engine.py:463: note: Use "-> None" if function does not return a value
services/trade_executor/src/execution_engine.py:492: error: Function is missing a return type annotation  [no-untyped-def]
services/trade_executor/src/execution_engine.py:492: note: Use "-> None" if function does not return a value
services/trade_executor/src/execution_engine.py:524: error: Function is missing a return type annotation  [no-untyped-def]
services/trade_executor/src/execution_engine.py:524: note: Use "-> None" if function does not return a value
services/trade_executor/src/execution_engine.py:544: error: Function is missing a return type annotation  [no-untyped-def]
services/trade_executor/src/execution_engine.py:544: note: Use "-> None" if function does not return a value
services/trade_executor/src/execution_engine.py:574: error: Function is missing a return type annotation  [no-untyped-def]
services/trade_executor/src/execution_engine.py:574: note: Use "-> None" if function does not return a value
services/trade_executor/src/execution_engine.py:588: error: Function is missing a return type annotation  [no-untyped-def]
services/trade_executor/src/execution_engine.py:588: note: Use "-> None" if function does not return a value
services/trade_executor/src/execution_engine.py:1103: error: Function is missing a return type annotation  [no-untyped-def]
services/trade_executor/src/execution_engine.py:1136: error: Function is missing a return type annotation  [no-untyped-def]
services/trade_executor/src/execution_engine.py:1136: note: Use "-> None" if function does not return a value
services/trade_executor/src/execution_engine.py:1143: error: Function is missing a type annotation  [no-untyped-def]
services/trade_executor/src/execution_engine.py:1165: error: Function is missing a return type annotation  [no-untyped-def]
services/trade_executor/src/execution_engine.py:1165: note: Use "-> None" if function does not return a value
services/trade_executor/src/main.py:55: error: Function is missing a return type annotation  [no-untyped-def]
services/trade_executor/src/main.py:55: note: Use "-> None" if function does not return a value
services/trade_executor/src/main.py:76: error: Function is missing a return type annotation  [no-untyped-def]
services/trade_executor/src/main.py:76: note: Use "-> None" if function does not return a value
services/trade_executor/src/main.py:110: error: Function is missing a return type annotation  [no-untyped-def]
services/trade_executor/src/main.py:110: note: Use "-> None" if function does not return a value
services/trade_executor/src/main.py:152: error: Function is missing a return type annotation  [no-untyped-def]
services/trade_executor/src/main.py:152: note: Use "-> None" if function does not return a value
services/trade_executor/src/main.py:270: error: Function is missing a type annotation  [no-untyped-def]
services/trade_executor/src/main.py:361: error: Function is missing a return type annotation  [no-untyped-def]
services/trade_executor/src/main.py:361: note: Use "-> None" if function does not return a value
services/trade_executor/src/main.py:476: error: Function is missing a return type annotation  [no-untyped-def]
services/trade_executor/src/main.py:500: error: Function is missing a return type annotation  [no-untyped-def]
services/trade_executor/src/main.py:500: note: Use "-> None" if function does not return a value
services/trade_executor/src/main.py:540: error: Function is missing a return type annotation  [no-untyped-def]
services/trade_executor/src/main.py:588: error: Function is missing a return type annotation  [no-untyped-def]
services/trade_executor/src/main.py:652: error: Function is missing a return type annotation  [no-untyped-def]
services/trade_executor/src/main.py:666: error: Function is missing a return type annotation  [no-untyped-def]
services/trade_executor/src/main.py:701: error: Function is missing a return type annotation  [no-untyped-def]
services/trade_executor/src/main.py:728: error: Function is missing a return type annotation  [no-untyped-def]
services/trade_executor/src/main.py:758: error: Function is missing a return type annotation  [no-untyped-def]
services/trade_executor/src/main.py:775: error: Function is missing a return type annotation  [no-untyped-def]
services/trade_executor/src/main.py:805: error: Function is missing a return type annotation  [no-untyped-def]
services/trade_executor/src/main.py:827: error: Function is missing a return type annotation  [no-untyped-def]
services/trade_executor/src/main.py:845: error: Function is missing a return type annotation  [no-untyped-def]
services/trade_executor/src/main.py:868: error: Function is missing a return type annotation  [no-untyped-def]
services/trade_executor/src/main.py:892: error: Function is missing a return type annotation  [no-untyped-def]
services/trade_executor/src/main.py:908: error: Function is missing a return type annotation  [no-untyped-def]
services/trade_executor/src/main.py:924: error: Function is missing a return type annotation  [no-untyped-def]
services/trade_executor/src/main.py:938: error: Function is missing a return type annotation  [no-untyped-def]
services/trade_executor/src/main.py:982: error: Function is missing a return type annotation  [no-untyped-def]
services/trade_executor/src/main.py:996: error: Function is missing a return type annotation  [no-untyped-def]
services/trade_executor/src/main.py:1012: error: Function is missing a return type annotation  [no-untyped-def]
services/trade_executor/src/main.py:1037: error: Function is missing a return type annotation  [no-untyped-def]
services/trade_executor/src/main.py:1037: note: Use "-> None" if function does not return a value
services/trade_executor/src/main.py:1063: error: Function is missing a return type annotation  [no-untyped-def]
services/trade_executor/src/main.py:1093: error: Function is missing a return type annotation  [no-untyped-def]
services/trade_executor/src/main.py:1097: error: Function is missing a type annotation  [no-untyped-def]
services/trade_executor/src/main.py:1109: error: Function is missing a return type annotation  [no-untyped-def]
services/trade_executor/src/main.py:1109: note: Use "-> None" if function does not return a value
services/trade_executor/src/main.py:1194: error: Function is missing a return type annotation  [no-untyped-def]
services/trade_executor/src/main.py:1194: note: Use "-> None" if function does not return a value
services/trade_executor/src/main.py:1199: error: Function is missing a return type annotation  [no-untyped-def]
services/trade_executor/src/main.py:1199: note: Use "-> None" if function does not return a value
services/trade_executor/src/main.py:1206: error: Function is missing a return type annotation  [no-untyped-def]
services/trade_executor/src/main.py:1206: note: Use "-> None" if function does not return a value
services/trade_executor/src/main.py:1214: error: Function is missing a return type annotation  [no-untyped-def]
services/trade_executor/src/main.py:1214: note: Use "-> None" if function does not return a value
services/trade_executor/src/main.py:1220: error: Function is missing a return type annotation  [no-untyped-def]
tests/unit/services/test_trade_executor.py:28: error: Function is missing a return type annotation  [no-untyped-def]
tests/unit/services/test_trade_executor.py:46: error: Function is missing a return type annotation  [no-untyped-def]
tests/unit/services/test_trade_executor.py:57: error: Function is missing a return type annotation  [no-untyped-def]
tests/unit/services/test_trade_executor.py:71: error: Function is missing a return type annotation  [no-untyped-def]
tests/unit/services/test_trade_executor.py:84: error: Function is missing a return type annotation  [no-untyped-def]
tests/unit/services/test_trade_executor.py:98: error: Function is missing a return type annotation  [no-untyped-def]
tests/unit/services/test_trade_executor.py:114: error: Function is missing a type annotation  [no-untyped-def]
tests/unit/services/test_trade_executor.py:126: error: Function is missing a type annotation  [no-untyped-def]
tests/unit/services/test_trade_executor.py:159: error: Function is missing a type annotation  [no-untyped-def]
tests/unit/services/test_trade_executor.py:171: error: Function is missing a type annotation  [no-untyped-def]
tests/unit/services/test_trade_executor.py:184: error: Function is missing a type annotation  [no-untyped-def]
tests/unit/services/test_trade_executor.py:205: error: Function is missing a type annotation  [no-untyped-def]
tests/unit/services/test_trade_executor.py:231: error: Function is missing a type annotation  [no-untyped-def]
tests/unit/services/test_trade_executor.py:243: error: Function is missing a type annotation  [no-untyped-def]
tests/unit/services/test_trade_executor.py:259: error: Function is missing a type annotation  [no-untyped-def]
tests/unit/services/test_trade_executor.py:269: error: Function is missing a type annotation  [no-untyped-def]
tests/unit/services/test_trade_executor.py:293: error: Function is missing a type annotation  [no-untyped-def]
tests/unit/services/test_trade_executor.py:314: error: Function is missing a type annotation  [no-untyped-def]
tests/unit/services/test_trade_executor.py:348: error: Function is missing a type annotation  [no-untyped-def]
tests/unit/services/test_trade_executor.py:380: error: Function is missing a type annotation  [no-untyped-def]
tests/unit/services/test_trade_executor.py:408: error: Function is missing a type annotation  [no-untyped-def]
tests/unit/services/test_trade_executor.py:436: error: Function is missing a type annotation  [no-untyped-def]
tests/unit/services/test_trade_executor.py:464: error: Function is missing a type annotation  [no-untyped-def]
tests/unit/services/test_trade_executor.py:488: error: Function is missing a type annotation  [no-untyped-def]
tests/unit/services/test_trade_executor.py:498: error: Function is missing a type annotation  [no-untyped-def]
tests/unit/services/test_trade_executor.py:531: error: Function is missing a type annotation  [no-untyped-def]
tests/unit/services/test_trade_executor.py:542: error: Function is missing a type annotation  [no-untyped-def]
tests/unit/services/test_trade_executor.py:561: error: Function is missing a type annotation  [no-untyped-def]
tests/unit/services/test_trade_executor.py:580: error: Function is missing a type annotation  [no-untyped-def]
tests/unit/services/test_trade_executor.py:590: error: Function is missing a type annotation  [no-untyped-def]
tests/unit/services/test_trade_executor.py:613: error: Function is missing a type annotation  [no-untyped-def]
tests/unit/services/test_trade_executor.py:636: error: Function is missing a type annotation  [no-untyped-def]
tests/unit/services/test_trade_executor.py:676: error: Function is missing a type annotation  [no-untyped-def]
tests/unit/services/test_trade_executor.py:694: error: Function is missing a type annotation  [no-untyped-def]
tests/unit/services/test_trade_executor.py:717: error: Function is missing a type annotation  [no-untyped-def]
tests/unit/services/test_trade_executor.py:756: error: Function is missing a type annotation  [no-untyped-def]
tests/unit/services/test_trade_executor.py:773: error: Function is missing a type annotation  [no-untyped-def]
tests/unit/services/test_trade_executor.py:790: error: Function is missing a type annotation  [no-untyped-def]
tests/unit/services/test_trade_executor.py:812: error: Function is missing a type annotation  [no-untyped-def]
tests/unit/services/test_trade_executor.py:824: error: Function is missing a type annotation  [no-untyped-def]
tests/unit/services/test_trade_executor.py:828: error: Function is missing a type annotation  [no-untyped-def]
tests/unit/services/test_trade_executor.py:853: error: Function is missing a type annotation  [no-untyped-def]
tests/unit/services/test_trade_executor.py:871: error: Function is missing a type annotation  [no-untyped-def]