Running linting checks...
services/export_service/src/run.py:20: error: Function is missing a return type annotation  [no-untyped-def]
services/export_service/src/run.py:20: note: Use "-> None" if function does not return a value
monitoring/gotify_client.py:54: error: Function is missing a return type annotation  [no-untyped-def]
monitoring/gotify_client.py:54: note: Use "-> None" if function does not return a value
monitoring/gotify_client.py:72: error: Function is missing a return type annotation  [no-untyped-def]
monitoring/gotify_client.py:72: note: Use "-> None" if function does not return a value
monitoring/gotify_client.py:711: error: Function is missing a return type annotation  [no-untyped-def]
monitoring/gotify_client.py:711: note: Use "-> None" if function does not return a value
monitoring/gotify_client.py:757: error: Function is missing a return type annotation  [no-untyped-def]
monitoring/gotify_client.py:757: note: Use "-> None" if function does not return a value
monitoring/gotify_client.py:846: error: Function is missing a return type annotation  [no-untyped-def]
tests/security/test_jwt_integration.py:26: error: Function is missing a return type annotation  [no-untyped-def]
tests/security/test_jwt_integration.py:38: error: Function is missing a return type annotation  [no-untyped-def]
tests/security/test_jwt_integration.py:48: error: Function is missing a return type annotation  [no-untyped-def]
tests/security/test_jwt_integration.py:58: error: Function is missing a return type annotation  [no-untyped-def]
tests/security/test_jwt_integration.py:68: error: Function is missing a type annotation  [no-untyped-def]
tests/security/test_jwt_integration.py:96: error: Function is missing a type annotation  [no-untyped-def]
tests/security/test_jwt_integration.py:117: error: Function is missing a type annotation  [no-untyped-def]
tests/security/test_jwt_integration.py:135: error: Function is missing a type annotation  [no-untyped-def]
tests/security/test_jwt_integration.py:151: error: Function is missing a type annotation  [no-untyped-def]
tests/security/test_jwt_integration.py:182: error: Function is missing a type annotation  [no-untyped-def]
tests/security/test_jwt_integration.py:208: error: Function is missing a type annotation  [no-untyped-def]
tests/security/test_jwt_integration.py:222: error: Function is missing a type annotation  [no-untyped-def]
tests/security/test_jwt_integration.py:257: error: Function is missing a type annotation  [no-untyped-def]
tests/security/test_jwt_integration.py:270: error: Function is missing a type annotation  [no-untyped-def]
tests/security/test_jwt_integration.py:275: error: Function is missing a type annotation  [no-untyped-def]
tests/security/test_jwt_integration.py:307: error: Function is missing a type annotation  [no-untyped-def]
tests/security/test_jwt_integration.py:337: error: Function is missing a type annotation  [no-untyped-def]
tests/security/test_jwt_integration.py:353: error: Function is missing a type annotation  [no-untyped-def]
tests/security/test_jwt_integration.py:374: error: Function is missing a type annotation  [no-untyped-def]
tests/security/test_jwt_integration.py:394: error: Function is missing a type annotation  [no-untyped-def]
tests/security/test_jwt_integration.py:405: error: Function is missing a type annotation  [no-untyped-def]
tests/security/test_jwt_integration.py:421: error: Function is missing a return type annotation  [no-untyped-def]
tests/security/test_jwt_integration.py:442: error: Function is missing a type annotation  [no-untyped-def]
tests/security/test_jwt_integration.py:456: error: Function is missing a type annotation  [no-untyped-def]
tests/security/test_jwt_integration.py:473: error: Function is missing a type annotation  [no-untyped-def]
tests/security/test_jwt_integration.py:493: error: Function is missing a return type annotation  [no-untyped-def]
tests/security/test_jwt_integration.py:517: error: Function is missing a type annotation  [no-untyped-def]
tests/security/test_jwt_integration.py:549: error: Function is missing a type annotation  [no-untyped-def]
tests/security/test_jwt_integration.py:574: error: Function is missing a type annotation  [no-untyped-def]
tests/security/test_jwt_integration.py:614: error: Function is missing a type annotation  [no-untyped-def]
tests/security/test_jwt_integration.py:648: error: Function is missing a return type annotation  [no-untyped-def]
tests/security/test_jwt_integration.py:648: note: Use "-> None" if function does not return a value
tests/security/test_jwt_integration.py:660: error: Function is missing a return type annotation  [no-untyped-def]
tests/security/test_jwt_integration.py:660: note: Use "-> None" if function does not return a value
tests/security/test_jwt_integration.py:689: error: Function is missing a type annotation  [no-untyped-def]
tests/security/test_jwt_integration.py:726: error: Function is missing a type annotation  [no-untyped-def]
tests/security/test_jwt_integration.py:745: error: Function is missing a type annotation  [no-untyped-def]
tests/security/test_jwt_integration.py:781: error: Function is missing a type annotation  [no-untyped-def]
tests/security/test_jwt_integration.py:791: error: Function is missing a type annotation  [no-untyped-def]
tests/security/test_jwt_integration.py:813: error: Function is missing a type annotation  [no-untyped-def]
services/notification_service/src/main.py:44: error: Function is missing a return type annotation  [no-untyped-def]
services/notification_service/src/main.py:44: note: Use "-> None" if function does not return a value
services/notification_service/src/main.py:70: error: Function is missing a return type annotation  [no-untyped-def]
services/notification_service/src/main.py:70: note: Use "-> None" if function does not return a value
services/notification_service/src/main.py:120: error: Function is missing a return type annotation  [no-untyped-def]
services/notification_service/src/main.py:120: note: Use "-> None" if function does not return a value
services/notification_service/src/main.py:152: error: Function is missing a return type annotation  [no-untyped-def]
services/notification_service/src/main.py:152: note: Use "-> None" if function does not return a value
services/notification_service/src/main.py:189: error: Function is missing a return type annotation  [no-untyped-def]
services/notification_service/src/main.py:189: note: Use "-> None" if function does not return a value
services/notification_service/src/main.py:237: error: Function is missing a return type annotation  [no-untyped-def]
services/notification_service/src/main.py:302: error: Function is missing a return type annotation  [no-untyped-def]
services/notification_service/src/main.py:362: error: Function is missing a return type annotation  [no-untyped-def]
services/notification_service/src/main.py:399: error: Function is missing a return type annotation  [no-untyped-def]
services/notification_service/src/main.py:441: error: Function is missing a return type annotation  [no-untyped-def]
services/notification_service/src/main.py:469: error: Function is missing a return type annotation  [no-untyped-def]
services/notification_service/src/main.py:513: error: Function is missing a return type annotation  [no-untyped-def]
services/notification_service/src/main.py:554: error: Function is missing a return type annotation  [no-untyped-def]
services/notification_service/src/main.py:579: error: Function is missing a return type annotation  [no-untyped-def]
services/notification_service/src/main.py:621: error: Function is missing a return type annotation  [no-untyped-def]
services/notification_service/src/main.py:718: error: Function is missing a return type annotation  [no-untyped-def]
services/notification_service/src/main.py:718: note: Use "-> None" if function does not return a value
services/notification_service/src/main.py:775: error: Function is missing a return type annotation  [no-untyped-def]
services/notification_service/src/main.py:775: note: Use "-> None" if function does not return a value
services/notification_service/src/main.py:828: error: Function is missing a return type annotation  [no-untyped-def]
services/notification_service/src/main.py:828: note: Use "-> None" if function does not return a value
services/notification_service/src/main.py:886: error: Function is missing a return type annotation  [no-untyped-def]
services/notification_service/src/main.py:886: note: Use "-> None" if function does not return a value
services/notification_service/src/main.py:893: error: Function is missing a type annotation  [no-untyped-def]
monitoring/metrics.py:412: error: Function is missing a return type annotation  [no-untyped-def]
monitoring/metrics.py:412: note: Use "-> None" if function does not return a value
monitoring/metrics.py:442: error: Function is missing a return type annotation  [no-untyped-def]
monitoring/metrics.py:442: note: Use "-> None" if function does not return a value
monitoring/metrics.py:452: error: Function is missing a return type annotation  [no-untyped-def]
monitoring/metrics.py:452: note: Use "-> None" if function does not return a value
monitoring/metrics.py:464: error: Function is missing a return type annotation  [no-untyped-def]
monitoring/metrics.py:464: note: Use "-> None" if function does not return a value
monitoring/metrics.py:477: error: Function is missing a return type annotation  [no-untyped-def]
monitoring/metrics.py:477: note: Use "-> None" if function does not return a value
monitoring/metrics.py:513: error: Function is missing a return type annotation  [no-untyped-def]
monitoring/metrics.py:513: note: Use "-> None" if function does not return a value
monitoring/metrics.py:594: error: Function is missing a return type annotation  [no-untyped-def]
monitoring/metrics.py:594: note: Use "-> None" if function does not return a value
monitoring/metrics.py:619: error: Function is missing a return type annotation  [no-untyped-def]
monitoring/metrics.py:619: note: Use "-> None" if function does not return a value
monitoring/metrics.py:658: error: Function is missing a return type annotation  [no-untyped-def]
monitoring/metrics.py:658: note: Use "-> None" if function does not return a value
monitoring/metrics.py:688: error: Function is missing a return type annotation  [no-untyped-def]
monitoring/metrics.py:688: note: Use "-> None" if function does not return a value
monitoring/metrics.py:747: error: Function is missing a return type annotation  [no-untyped-def]
monitoring/metrics.py:747: note: Use "-> None" if function does not return a value
monitoring/metrics.py:785: error: Function is missing a return type annotation  [no-untyped-def]
monitoring/metrics.py:805: error: Function is missing a return type annotation  [no-untyped-def]
monitoring/metrics.py:825: error: Function is missing a return type annotation  [no-untyped-def]
monitoring/metrics.py:835: error: Function is missing a return type annotation  [no-untyped-def]
monitoring/metrics.py:857: error: Function is missing a return type annotation  [no-untyped-def]
monitoring/metrics.py:871: error: Function is missing a return type annotation  [no-untyped-def]
monitoring/metrics.py:886: error: Function is missing a return type annotation  [no-untyped-def]
monitoring/metrics.py:898: error: Function is missing a return type annotation  [no-untyped-def]
monitoring/metrics.py:921: error: Function is missing a return type annotation  [no-untyped-def]
monitoring/metrics.py:926: error: Function is missing a return type annotation  [no-untyped-def]
monitoring/metrics.py:985: error: Function is missing a return type annotation  [no-untyped-def]
monitoring/metrics.py:989: error: Function is missing a return type annotation  [no-untyped-def]
monitoring/metrics.py:989: note: Use "-> None" if function does not return a value
monitoring/metrics.py:999: error: Function is missing a return type annotation  [no-untyped-def]
monitoring/metrics.py:1062: error: Function is missing a return type annotation  [no-untyped-def]
monitoring/metrics.py:1076: error: Function is missing a return type annotation  [no-untyped-def]
services/maintenance_service/src/main.py:34: error: Function is missing a return type annotation  [no-untyped-def]
services/maintenance_service/src/main.py:56: error: Function is missing a return type annotation  [no-untyped-def]
services/maintenance_service/src/main.py:56: note: Use "-> None" if function does not return a value
services/maintenance_service/src/main.py:72: error: Function is missing a return type annotation  [no-untyped-def]
services/maintenance_service/src/main.py:80: error: Function is missing a return type annotation  [no-untyped-def]
services/maintenance_service/src/main.py:80: note: Use "-> None" if function does not return a value
services/maintenance_service/src/main.py:169: error: Function is missing a return type annotation  [no-untyped-def]
services/maintenance_service/src/main.py:169: note: Use "-> None" if function does not return a value
services/maintenance_service/src/main.py:224: error: Function is missing a return type annotation  [no-untyped-def]
services/maintenance_service/src/main.py:224: note: Use "-> None" if function does not return a value
services/maintenance_service/src/main.py:275: error: Function is missing a return type annotation  [no-untyped-def]
services/maintenance_service/src/main.py:324: error: Function is missing a return type annotation  [no-untyped-def]
services/maintenance_service/src/main.py:465: error: Function is missing a return type annotation  [no-untyped-def]
services/maintenance_service/src/main.py:465: note: Use "-> None" if function does not return a value
services/maintenance_service/src/main.py:511: error: Function is missing a return type annotation  [no-untyped-def]
services/maintenance_service/src/main.py:567: error: Function is missing a return type annotation  [no-untyped-def]
services/maintenance_service/src/main.py:664: error: Function is missing a return type annotation  [no-untyped-def]
services/maintenance_service/src/main.py:724: error: Function is missing a return type annotation  [no-untyped-def]
services/maintenance_service/src/main.py:736: error: Function is missing a return type annotation  [no-untyped-def]
services/maintenance_service/src/main.py:793: error: Function is missing a return type annotation  [no-untyped-def]
services/maintenance_service/src/main.py:804: error: Function is missing a return type annotation  [no-untyped-def]
services/maintenance_service/src/main.py:811: error: Function is missing a return type annotation  [no-untyped-def]
services/maintenance_service/src/main.py:859: error: Function is missing a return type annotation  [no-untyped-def]
services/maintenance_service/src/main.py:879: error: Function is missing a return type annotation  [no-untyped-def]
services/maintenance_service/src/main.py:900: error: Function is missing a return type annotation  [no-untyped-def]
services/maintenance_service/src/main.py:951: error: Function is missing a return type annotation  [no-untyped-def]
services/maintenance_service/src/main.py:1005: error: Function is missing a return type annotation  [no-untyped-def]
services/maintenance_service/src/main.py:1005: note: Use "-> None" if function does not return a value
services/maintenance_service/src/main.py:1009: error: Function is missing a type annotation  [no-untyped-def]
services/maintenance_service/src/main.py:1019: error: Function is missing a return type annotation  [no-untyped-def]
services/maintenance_service/src/main.py:1019: note: Use "-> None" if function does not return a value
tests/conftest.py:37: error: Function is missing a return type annotation  [no-untyped-def]
tests/conftest.py:37: note: Use "-> None" if function does not return a value
tests/conftest.py:40: error: Function is missing a return type annotation  [no-untyped-def]
tests/conftest.py:40: note: Use "-> None" if function does not return a value
tests/conftest.py:43: error: Function is missing a return type annotation  [no-untyped-def]
tests/conftest.py:43: note: Use "-> None" if function does not return a value
tests/conftest.py:50: error: Function is missing a type annotation  [no-untyped-def]
tests/conftest.py:62: error: Function is missing a type annotation  [no-untyped-def]
tests/conftest.py:72: error: Function is missing a return type annotation  [no-untyped-def]
tests/conftest.py:80: error: Function is missing a return type annotation  [no-untyped-def]
tests/conftest.py:98: error: Function is missing a return type annotation  [no-untyped-def]
tests/conftest.py:113: error: Function is missing a return type annotation  [no-untyped-def]
tests/conftest.py:126: error: Function is missing a return type annotation  [no-untyped-def]
tests/conftest.py:139: error: Function is missing a return type annotation  [no-untyped-def]
tests/conftest.py:156: error: Function is missing a return type annotation  [no-untyped-def]
tests/conftest.py:171: error: Function is missing a return type annotation  [no-untyped-def]
tests/conftest.py:190: error: Function is missing a return type annotation  [no-untyped-def]
tests/conftest.py:204: error: Function is missing a return type annotation  [no-untyped-def]
tests/conftest.py:226: error: Function is missing a return type annotation  [no-untyped-def]
tests/conftest.py:262: error: Function is missing a return type annotation  [no-untyped-def]
tests/conftest.py:270: error: Function is missing a return type annotation  [no-untyped-def]
tests/conftest.py:355: error: Function is missing a return type annotation  [no-untyped-def]
tests/conftest.py:370: error: Function is missing a return type annotation  [no-untyped-def]
tests/conftest.py:418: error: Function is missing a return type annotation  [no-untyped-def]
tests/conftest.py:421: error: Function is missing a type annotation for one or more arguments  [no-untyped-def]
tests/conftest.py:446: error: Function is missing a return type annotation  [no-untyped-def]
tests/conftest.py:449: error: Function is missing a type annotation for one or more arguments  [no-untyped-def]
tests/conftest.py:472: error: Function is missing a return type annotation  [no-untyped-def]
tests/conftest.py:475: error: Function is missing a type annotation for one or more arguments  [no-untyped-def]
tests/conftest.py:501: error: Function is missing a return type annotation  [no-untyped-def]
tests/conftest.py:504: error: Function is missing a type annotation for one or more arguments  [no-untyped-def]
tests/conftest.py:520: error: Function is missing a return type annotation  [no-untyped-def]
tests/conftest.py:523: error: Function is missing a type annotation for one or more arguments  [no-untyped-def]
tests/conftest.py:543: error: Function is missing a return type annotation  [no-untyped-def]
tests/conftest.py:568: error: Function is missing a return type annotation  [no-untyped-def]
tests/conftest.py:571: error: Function is missing a return type annotation  [no-untyped-def]
tests/conftest.py:607: error: Function is missing a return type annotation  [no-untyped-def]
tests/conftest.py:647: error: Function is missing a return type annotation  [no-untyped-def]
tests/conftest.py:656: error: Function is missing a return type annotation  [no-untyped-def]
tests/conftest.py:659: error: Function is missing a return type annotation  [no-untyped-def]
tests/conftest.py:696: error: Function is missing a return type annotation  [no-untyped-def]
tests/conftest.py:719: error: Function is missing a return type annotation  [no-untyped-def]
tests/conftest.py:730: error: Function is missing a return type annotation  [no-untyped-def]
tests/conftest.py:746: error: Function is missing a return type annotation  [no-untyped-def]
tests/conftest.py:756: error: Function is missing a return type annotation  [no-untyped-def]
tests/conftest.py:794: error: Function is missing a return type annotation  [no-untyped-def]
tests/conftest.py:800: error: Function is missing a type annotation  [no-untyped-def]
tests/conftest.py:811: error: Function is missing a return type annotation  [no-untyped-def]
tests/conftest.py:822: error: Function is missing a return type annotation  [no-untyped-def]
tests/conftest.py:848: error: Function is missing a return type annotation  [no-untyped-def]
tests/conftest.py:848: note: Use "-> None" if function does not return a value
tests/conftest.py:856: error: Function is missing a return type annotation  [no-untyped-def]
tests/conftest.py:873: error: Function is missing a return type annotation  [no-untyped-def]
tests/performance/test_load_testing.py:61: error: Function is missing a return type annotation  [no-untyped-def]
tests/performance/test_load_testing.py:68: error: Function is missing a type annotation  [no-untyped-def]
tests/performance/test_load_testing.py:138: error: Function is missing a return type annotation  [no-untyped-def]
tests/performance/test_load_testing.py:222: error: Function is missing a return type annotation  [no-untyped-def]
tests/performance/test_load_testing.py:228: error: Function is missing a type annotation  [no-untyped-def]
tests/performance/test_load_testing.py:246: error: Function is missing a return type annotation  [no-untyped-def]
tests/performance/test_load_testing.py:267: error: Function is missing a type annotation  [no-untyped-def]
tests/performance/test_load_testing.py:270: error: Function is missing a return type annotation  [no-untyped-def]
tests/performance/test_load_testing.py:296: error: Function is missing a type annotation  [no-untyped-def]
tests/performance/test_load_testing.py:299: error: Function is missing a return type annotation  [no-untyped-def]
tests/performance/test_load_testing.py:332: error: Function is missing a type annotation  [no-untyped-def]
tests/performance/test_load_testing.py:335: error: Function is missing a return type annotation  [no-untyped-def]
tests/performance/test_load_testing.py:363: error: Function is missing a type annotation  [no-untyped-def]
tests/performance/test_load_testing.py:379: error: Function is missing a type annotation  [no-untyped-def]
tests/performance/test_load_testing.py:382: error: Function is missing a return type annotation  [no-untyped-def]
tests/performance/test_load_testing.py:467: error: Function is missing a return type annotation  [no-untyped-def]
tests/performance/test_load_testing.py:506: error: Function is missing a type annotation  [no-untyped-def]
tests/performance/test_load_testing.py:509: error: Function is missing a return type annotation  [no-untyped-def]
tests/performance/test_load_testing.py:566: error: Function is missing a return type annotation  [no-untyped-def]
tests/performance/test_load_testing.py:585: error: Function is missing a type annotation  [no-untyped-def]
tests/performance/test_load_testing.py:588: error: Function is missing a return type annotation  [no-untyped-def]
tests/performance/test_load_testing.py:636: error: Function is missing a type annotation  [no-untyped-def]
tests/performance/test_load_testing.py:644: error: Function is missing a return type annotation  [no-untyped-def]
tests/performance/test_load_testing.py:669: error: Function is missing a return type annotation  [no-untyped-def]
tests/performance/test_load_testing.py:714: error: Function is missing a return type annotation  [no-untyped-def]
tests/performance/test_load_testing.py:714: note: Use "-> None" if function does not return a value
tests/performance/test_load_testing.py:757: error: Function is missing a type annotation  [no-untyped-def]
tests/performance/test_load_testing.py:761: error: Function is missing a return type annotation  [no-untyped-def]
tests/performance/test_load_testing.py:784: error: Function is missing a return type annotation  [no-untyped-def]
tests/performance/test_load_testing.py:788: error: Function is missing a return type annotation  [no-untyped-def]
tests/performance/test_load_testing.py:788: note: Use "-> None" if function does not return a value
tests/performance/test_load_testing.py:792: error: Function is missing a type annotation  [no-untyped-def]
tests/performance/test_load_testing.py:797: error: Function is missing a return type annotation  [no-untyped-def]
tests/performance/test_load_testing.py:809: error: Function is missing a return type annotation  [no-untyped-def]
tests/performance/test_load_testing.py:809: note: Use "-> None" if function does not return a value
tests/performance/test_load_testing.py:815: error: Function is missing a return type annotation  [no-untyped-def]
tests/performance/test_load_testing.py:852: error: Function is missing a type annotation  [no-untyped-def]
tests/performance/test_load_testing.py:861: error: Function is missing a return type annotation  [no-untyped-def]