Running linting checks...
examples/comprehensive_backtest_demo.py:1098: error: Function is missing a type annotation for one or more arguments  [no-untyped-def]
examples/comprehensive_backtest_demo.py:1333: error: Function is missing a type annotation for one or more arguments  [no-untyped-def]
examples/comprehensive_backtest_demo.py:1554: error: Function is missing a return type annotation  [no-untyped-def]
examples/comprehensive_backtest_demo.py:1640: error: Function is missing a return type annotation  [no-untyped-def]
examples/comprehensive_backtest_demo.py:1747: error: Function is missing a return type annotation  [no-untyped-def]
examples/comprehensive_backtest_demo.py:1849: error: Function is missing a return type annotation  [no-untyped-def]
examples/comprehensive_backtest_demo.py:1899: error: Function is missing a return type annotation  [no-untyped-def]
examples/comprehensive_backtest_demo.py:1958: error: Function is missing a return type annotation  [no-untyped-def]
examples/comprehensive_backtest_demo.py:1999: error: Function is missing a return type annotation  [no-untyped-def]
shared/config.py:69: error: Function is missing a type annotation  [no-untyped-def]
shared/config.py:129: error: Function is missing a type annotation  [no-untyped-def]
shared/config.py:156: error: Function is missing a type annotation  [no-untyped-def]
shared/config.py:194: error: Function is missing a type annotation  [no-untyped-def]
shared/config.py:221: error: Function is missing a type annotation  [no-untyped-def]
shared/config.py:286: error: Function is missing a type annotation  [no-untyped-def]
shared/config.py:375: error: Function is missing a type annotation  [no-untyped-def]
logging/logging_config.py:22: error: Function is missing a type annotation  [no-untyped-def]
logging/logging_config.py:47: error: Function is missing a type annotation  [no-untyped-def]
logging/logging_config.py:83: error: Function is missing a type annotation  [no-untyped-def]
logging/logging_config.py:110: error: Function is missing a type annotation  [no-untyped-def]
logging/logging_config.py:335: error: Function is missing a return type annotation  [no-untyped-def]
logging/logging_config.py:335: error: Function is missing a type annotation for one or more arguments  [no-untyped-def]
logging/logging_config.py:339: error: Function is missing a return type annotation  [no-untyped-def]
logging/logging_config.py:339: error: Function is missing a type annotation for one or more arguments  [no-untyped-def]
logging/logging_config.py:343: error: Function is missing a return type annotation  [no-untyped-def]
logging/logging_config.py:343: error: Function is missing a type annotation for one or more arguments  [no-untyped-def]
logging/logging_config.py:347: error: Function is missing a return type annotation  [no-untyped-def]
logging/logging_config.py:347: error: Function is missing a type annotation for one or more arguments  [no-untyped-def]
logging/logging_config.py:351: error: Function is missing a return type annotation  [no-untyped-def]
logging/logging_config.py:351: error: Function is missing a type annotation for one or more arguments  [no-untyped-def]
logging/logging_config.py:355: error: Function is missing a return type annotation  [no-untyped-def]
logging/logging_config.py:388: error: Function is missing a return type annotation  [no-untyped-def]
logging/logging_config.py:400: error: Function is missing a return type annotation  [no-untyped-def]
logging/logging_config.py:429: error: Function is missing a return type annotation  [no-untyped-def]
logging/logging_config.py:446: error: Function is missing a return type annotation  [no-untyped-def]
logging/logging_config.py:457: error: Function is missing a return type annotation  [no-untyped-def]
logging/logging_config.py:469: error: Function is missing a return type annotation  [no-untyped-def]
logging/logging_config.py:480: error: Function is missing a return type annotation  [no-untyped-def]
logging/logging_config.py:505: error: Function is missing a return type annotation  [no-untyped-def]
logging/logging_config.py:525: error: Function is missing a return type annotation  [no-untyped-def]
logging/logging_config.py:546: error: Function is missing a return type annotation  [no-untyped-def]
logging/logging_config.py:556: error: Function is missing a return type annotation  [no-untyped-def]
logging/logging_config.py:571: error: Function is missing a return type annotation  [no-untyped-def]
logging/logging_config.py:577: error: Function is missing a type annotation for one or more arguments  [no-untyped-def]
logging/logging_config.py:583: error: Function is missing a return type annotation  [no-untyped-def]
logging/logging_config.py:587: error: Function is missing a return type annotation  [no-untyped-def]
logging/logging_config.py:587: note: Use "-> None" if function does not return a value
backtesting/real_backtest_engine.py:90: error: Function is missing a type annotation for one or more arguments  [no-untyped-def]
backtesting/real_backtest_engine.py:166: error: Function is missing a return type annotation  [no-untyped-def]
backtesting/real_backtest_engine.py:166: error: Function is missing a type annotation for one or more arguments  [no-untyped-def]
backtesting/real_backtest_engine.py:191: error: Function is missing a return type annotation  [no-untyped-def]
backtesting/real_backtest_engine.py:191: note: Use "-> None" if function does not return a value
tests/performance/test_load.py:33: error: Function is missing a type annotation  [no-untyped-def]
tests/performance/test_load.py:43: error: Function is missing a type annotation  [no-untyped-def]
tests/performance/test_load.py:100: error: Function is missing a return type annotation  [no-untyped-def]
tests/performance/test_load.py:100: note: Use "-> None" if function does not return a value
tests/performance/test_load.py:120: error: Function is missing a return type annotation  [no-untyped-def]
tests/performance/test_load.py:120: note: Use "-> None" if function does not return a value
tests/performance/test_load.py:127: error: Function is missing a type annotation for one or more arguments  [no-untyped-def]
tests/performance/test_load.py:185: error: Function is missing a return type annotation  [no-untyped-def]
tests/performance/test_load.py:245: error: Function is missing a return type annotation  [no-untyped-def]
tests/performance/test_load.py:320: error: Function is missing a return type annotation  [no-untyped-def]
tests/performance/test_load.py:406: error: Function is missing a return type annotation  [no-untyped-def]
tests/performance/test_load.py:478: error: Function is missing a return type annotation  [no-untyped-def]
tests/performance/test_load.py:544: error: Function is missing a return type annotation  [no-untyped-def]
tests/performance/test_load.py:676: error: Function is missing a return type annotation  [no-untyped-def]
tests/performance/test_load.py:676: error: Function is missing a type annotation for one or more arguments  [no-untyped-def]
tests/performance/test_load.py:728: error: Function is missing a return type annotation  [no-untyped-def]
tests/performance/test_load.py:737: error: Function is missing a return type annotation  [no-untyped-def]
tests/performance/test_load.py:749: error: Function is missing a return type annotation  [no-untyped-def]
tests/performance/test_load.py:761: error: Function is missing a return type annotation  [no-untyped-def]
tests/performance/test_load.py:775: error: Function is missing a type annotation  [no-untyped-def]
tests/performance/test_load.py:795: error: Function is missing a type annotation  [no-untyped-def]
tests/performance/test_load.py:814: error: Function is missing a type annotation  [no-untyped-def]
tests/performance/test_load.py:835: error: Function is missing a type annotation  [no-untyped-def]
tests/performance/test_load.py:853: error: Function is missing a type annotation  [no-untyped-def]
tests/performance/test_load.py:872: error: Function is missing a type annotation  [no-untyped-def]
tests/performance/test_load.py:896: error: Function is missing a type annotation  [no-untyped-def]
tests/performance/test_load.py:938: error: Function is missing a type annotation  [no-untyped-def]
tests/performance/test_load.py:961: error: Function is missing a type annotation  [no-untyped-def]
tests/performance/test_load.py:981: error: Function is missing a type annotation  [no-untyped-def]
tests/performance/test_load.py:1039: error: Function is missing a return type annotation  [no-untyped-def]
tests/performance/test_load.py:1045: error: Function is missing a type annotation  [no-untyped-def]
tests/performance/test_load.py:1091: error: Function is missing a type annotation  [no-untyped-def]
tests/performance/test_load.py:1147: error: Function is missing a type annotation  [no-untyped-def]
tests/performance/test_load.py:1187: error: Function is missing a type annotation  [no-untyped-def]
tests/performance/test_load.py:1215: error: Function is missing a type annotation  [no-untyped-def]
tests/performance/test_load.py:1270: error: Function is missing a return type annotation  [no-untyped-def]
tests/performance/test_load.py:1270: note: Use "-> None" if function does not return a value
tests/performance/test_load.py:1273: error: Function is missing a return type annotation  [no-untyped-def]
tests/performance/test_load.py:1312: error: Function is missing a return type annotation  [no-untyped-def]
tests/performance/test_load.py:1312: note: Use "-> None" if function does not return a value
tests/performance/test_load.py:1354: error: Function is missing a type annotation  [no-untyped-def]
tests/performance/test_load.py:1364: error: Function is missing a return type annotation  [no-untyped-def]
tests/performance/test_load.py:1370: error: Function is missing a type annotation  [no-untyped-def]
tests/performance/test_load.py:1393: error: Function is missing a type annotation  [no-untyped-def]
tests/performance/test_load.py:1429: error: Function is missing a type annotation  [no-untyped-def]
tests/performance/test_load.py:1463: error: Function is missing a type annotation  [no-untyped-def]
tests/performance/test_load.py:1501: error: Function is missing a return type annotation  [no-untyped-def]
tests/performance/test_load.py:1515: error: Function is missing a type annotation  [no-untyped-def]
tests/performance/test_load.py:1545: error: Function is missing a return type annotation  [no-untyped-def]
tests/performance/test_load.py:1545: note: Use "-> None" if function does not return a value
tests/integration/test_redis_pubsub.py:31: error: Function is missing a type annotation  [no-untyped-def]
tests/integration/test_redis_pubsub.py:35: error: Function is missing a return type annotation  [no-untyped-def]
tests/integration/test_redis_pubsub.py:35: note: Use "-> None" if function does not return a value
tests/integration/test_redis_pubsub.py:38: error: Function is missing a return type annotation  [no-untyped-def]
tests/integration/test_redis_pubsub.py:38: note: Use "-> None" if function does not return a value
tests/integration/test_redis_pubsub.py:43: error: Function is missing a type annotation  [no-untyped-def]
tests/integration/test_redis_pubsub.py:48: error: Function is missing a return type annotation  [no-untyped-def]
tests/integration/test_redis_pubsub.py:48: note: Use "-> None" if function does not return a value
tests/integration/test_redis_pubsub.py:51: error: Function is missing a return type annotation  [no-untyped-def]
tests/integration/test_redis_pubsub.py:51: note: Use "-> None" if function does not return a value
tests/integration/test_redis_pubsub.py:58: error: Function is missing a type annotation  [no-untyped-def]
tests/integration/test_redis_pubsub.py:66: error: Function is missing a return type annotation  [no-untyped-def]
tests/integration/test_redis_pubsub.py:69: error: Function is missing a return type annotation  [no-untyped-def]
tests/integration/test_redis_pubsub.py:69: note: Use "-> None" if function does not return a value
tests/integration/test_redis_pubsub.py:106: error: Function is missing a return type annotation  [no-untyped-def]
tests/integration/test_redis_pubsub.py:106: note: Use "-> None" if function does not return a value
tests/integration/test_redis_pubsub.py:147: error: Function is missing a return type annotation  [no-untyped-def]
tests/integration/test_redis_pubsub.py:147: note: Use "-> None" if function does not return a value
tests/integration/test_redis_pubsub.py:162: error: Function is missing a return type annotation  [no-untyped-def]
tests/integration/test_redis_pubsub.py:162: note: Use "-> None" if function does not return a value
tests/integration/test_redis_pubsub.py:178: error: Function is missing a return type annotation  [no-untyped-def]
tests/integration/test_redis_pubsub.py:178: note: Use "-> None" if function does not return a value
tests/integration/test_redis_pubsub.py:311: error: Function is missing a return type annotation  [no-untyped-def]
tests/integration/test_redis_pubsub.py:319: error: Function is missing a return type annotation  [no-untyped-def]
tests/integration/test_redis_pubsub.py:338: error: Function is missing a return type annotation  [no-untyped-def]
tests/integration/test_redis_pubsub.py:352: error: Function is missing a return type annotation  [no-untyped-def]
tests/integration/test_redis_pubsub.py:373: error: Function is missing a type annotation  [no-untyped-def]
tests/integration/test_redis_pubsub.py:394: error: Function is missing a type annotation  [no-untyped-def]
tests/integration/test_redis_pubsub.py:413: error: Function is missing a type annotation  [no-untyped-def]
tests/integration/test_redis_pubsub.py:442: error: Function is missing a type annotation  [no-untyped-def]
tests/integration/test_redis_pubsub.py:470: error: Function is missing a type annotation  [no-untyped-def]
tests/integration/test_redis_pubsub.py:505: error: Function is missing a type annotation  [no-untyped-def]
tests/integration/test_redis_pubsub.py:536: error: Function is missing a type annotation  [no-untyped-def]
tests/integration/test_redis_pubsub.py:577: error: Function is missing a type annotation  [no-untyped-def]
tests/integration/test_redis_pubsub.py:593: error: Function is missing a type annotation  [no-untyped-def]
tests/integration/test_redis_pubsub.py:607: error: Function is missing a type annotation  [no-untyped-def]
tests/integration/test_redis_pubsub.py:640: error: Function is missing a type annotation  [no-untyped-def]
tests/integration/test_redis_pubsub.py:687: error: Function is missing a type annotation  [no-untyped-def]
tests/integration/test_redis_pubsub.py:690: error: Function is missing a return type annotation  [no-untyped-def]
tests/integration/test_redis_pubsub.py:772: error: Function is missing a type annotation  [no-untyped-def]
tests/integration/test_redis_pubsub.py:847: error: Function is missing a type annotation  [no-untyped-def]
tests/integration/test_redis_pubsub.py:886: error: Function is missing a type annotation  [no-untyped-def]
tests/integration/test_redis_pubsub.py:965: error: Function is missing a type annotation  [no-untyped-def]
tests/integration/test_redis_pubsub.py:1019: error: Function is missing a type annotation  [no-untyped-def]
tests/integration/test_redis_pubsub.py:1073: error: Function is missing a type annotation  [no-untyped-def]
tests/integration/test_redis_pubsub.py:1202: error: Function is missing a type annotation  [no-untyped-def]
tests/integration/test_redis_pubsub.py:1290: error: Function is missing a type annotation  [no-untyped-def]
tests/integration/test_redis_pubsub.py:1293: error: Function is missing a return type annotation  [no-untyped-def]
tests/integration/test_redis_pubsub.py:1316: error: Function is missing a return type annotation  [no-untyped-def]
tests/integration/test_redis_pubsub.py:1369: error: Function is missing a type annotation  [no-untyped-def]
tests/integration/test_redis_pubsub.py:1434: error: Function is missing a type annotation  [no-untyped-def]
tests/integration/test_redis_pubsub.py:1487: error: Function is missing a type annotation  [no-untyped-def]
tests/integration/test_redis_pubsub.py:1560: error: Function is missing a type annotation  [no-untyped-def]
tests/integration/test_redis_pubsub.py:1633: error: Function is missing a type annotation  [no-untyped-def]
tests/integration/test_redis_pubsub.py:1679: error: Function is missing a type annotation  [no-untyped-def]
tests/integration/test_redis_pubsub.py:1708: error: Function is missing a type annotation  [no-untyped-def]
tests/integration/test_redis_pubsub.py:1763: error: Function is missing a type annotation  [no-untyped-def]
tests/integration/test_redis_pubsub.py:1830: error: Function is missing a type annotation  [no-untyped-def]
tests/integration/test_redis_pubsub.py:1892: error: Function is missing a type annotation  [no-untyped-def]
tests/integration/test_redis_pubsub.py:1950: error: Function is missing a type annotation  [no-untyped-def]
tests/integration/test_redis_pubsub.py:2011: error: Function is missing a type annotation  [no-untyped-def]
tests/integration/test_redis_pubsub.py:2091: error: Function is missing a type annotation  [no-untyped-def]
tests/integration/test_redis_pubsub.py:2176: error: Function is missing a type annotation for one or more arguments  [no-untyped-def]
tests/integration/test_redis_pubsub.py:2227: error: Function is missing a return type annotation  [no-untyped-def]
tests/integration/test_redis_pubsub.py:2227: note: Use "-> None" if function does not return a value
tests/integration/test_redis_pubsub.py:2261: error: Function is missing a return type annotation  [no-untyped-def]
tests/integration/test_redis_pubsub.py:2285: error: Function is missing a return type annotation  [no-untyped-def]
test_scripts/test_finviz_direct.py:19: error: Function is missing a type annotation  [no-untyped-def]
test_scripts/test_finviz_direct.py:101: error: Function is missing a return type annotation  [no-untyped-def]
test_scripts/test_finviz_direct.py:101: note: Use "-> None" if function does not return a value
src/security/rate_limiter.py:76: error: Function is missing a return type annotation  [no-untyped-def]
src/security/rate_limiter.py:76: note: Use "-> None" if function does not return a value
src/security/rate_limiter.py:356: error: Function is missing a return type annotation  [no-untyped-def]
src/security/rate_limiter.py:356: note: Use "-> None" if function does not return a value
src/security/rate_limiter.py:440: error: Function is missing a return type annotation  [no-untyped-def]
src/security/rate_limiter.py:478: error: Function is missing a return type annotation  [no-untyped-def]
src/security/rate_limiter.py:684: error: Function is missing a return type annotation  [no-untyped-def]
src/security/rate_limiter.py:762: error: Function is missing a return type annotation  [no-untyped-def]
src/security/rate_limiter.py:785: error: Function is missing a return type annotation  [no-untyped-def]
src/security/rate_limiter.py:801: error: Function is missing a return type annotation  [no-untyped-def]
src/security/rate_limiter.py:813: error: Function is missing a return type annotation  [no-untyped-def]
src/backup_service/main.py:168: error: Function is missing a return type annotation  [no-untyped-def]
src/backup_service/main.py:168: note: Use "-> None" if function does not return a value
src/backup_service/main.py:708: error: Function is missing a return type annotation  [no-untyped-def]
shared/utils.py:193: error: Function is missing a return type annotation  [no-untyped-def]
shared/utils.py:205: error: Function is missing a type annotation  [no-untyped-def]
shared/utils.py:207: error: Function is missing a type annotation  [no-untyped-def]
shared/utils.py:253: error: Function is missing a return type annotation  [no-untyped-def]
shared/utils.py:559: error: Function is missing a type annotation  [no-untyped-def]
shared/utils.py:563: error: Function is missing a type annotation  [no-untyped-def]
shared/utils.py:730: error: Function is missing a type annotation  [no-untyped-def]
shared/utils.py:762: error: Function is missing a return type annotation  [no-untyped-def]
shared/utils.py:762: note: Use "-> None" if function does not return a value
shared/utils.py:767: error: Function is missing a return type annotation  [no-untyped-def]
shared/utils.py:767: note: Use "-> None" if function does not return a value
shared/simple_db_manager.py:23: error: Function is missing a type annotation  [no-untyped-def]
shared/simple_db_manager.py:29: error: Function is missing a return type annotation  [no-untyped-def]
shared/simple_db_manager.py:29: note: Use "-> None" if function does not return a value
shared/simple_db_manager.py:407: error: Function is missing a return type annotation  [no-untyped-def]
shared/simple_db_manager.py:407: note: Use "-> None" if function does not return a value
shared/simple_db_manager.py:414: error: Function is missing a return type annotation  [no-untyped-def]
shared/simple_db_manager.py:419: error: Function is missing a type annotation  [no-untyped-def]
shared/database_manager.py:30: error: Function is missing a type annotation  [no-untyped-def]
shared/database_manager.py:37: error: Function is missing a return type annotation  [no-untyped-def]
shared/database_manager.py:37: note: Use "-> None" if function does not return a value
shared/database_manager.py:89: error: Function is missing a return type annotation  [no-untyped-def]
shared/database_manager.py:89: note: Use "-> None" if function does not return a value
shared/database_manager.py:626: error: Function is missing a return type annotation  [no-untyped-def]
shared/database_manager.py:626: note: Use "-> None" if function does not return a value
shared/security/jwt_utils.py:371: error: Function is missing a type annotation for one or more arguments  [no-untyped-def]
shared/security/jwt_utils.py:376: error: Function is missing a type annotation for one or more arguments  [no-untyped-def]
shared/security/jwt_utils.py:381: error: Function is missing a type annotation for one or more arguments  [no-untyped-def]
services/trade_executor/src/utils.py:59: error: Function is missing a return type annotation  [no-untyped-def]
services/trade_executor/src/utils.py:85: error: Function is missing a return type annotation  [no-untyped-def]
services/trade_executor/src/utils.py:108: error: Function is missing a return type annotation  [no-untyped-def]
services/trade_executor/src/utils.py:127: error: Function is missing a return type annotation  [no-untyped-def]
services/trade_executor/src/utils.py:152: error: Function is missing a return type annotation  [no-untyped-def]
services/trade_executor/src/utils.py:170: error: Function is missing a return type annotation  [no-untyped-def]
services/trade_executor/src/utils.py:209: error: Function is missing a return type annotation  [no-untyped-def]
services/trade_executor/src/utils.py:318: error: Function is missing a return type annotation  [no-untyped-def]
services/trade_executor/src/utils.py:338: error: Function is missing a return type annotation  [no-untyped-def]
services/trade_executor/src/utils.py:348: error: Function is missing a return type annotation  [no-untyped-def]
services/trade_executor/src/utils.py:773: error: Function is missing a return type annotation  [no-untyped-def]
services/trade_executor/src/utils.py:837: error: Function is missing a return type annotation  [no-untyped-def]
services/trade_executor/src/utils.py:880: error: Function is missing a return type annotation  [no-untyped-def]
services/trade_executor/src/utils.py:920: error: Function is missing a return type annotation  [no-untyped-def]
services/trade_executor/src/utils.py:950: error: Function is missing a return type annotation  [no-untyped-def]
services/trade_executor/src/utils.py:974: error: Function is missing a return type annotation  [no-untyped-def]
services/trade_executor/src/utils.py:994: error: Function is missing a return type annotation  [no-untyped-def]
services/trade_executor/src/utils.py:1005: error: Function is missing a return type annotation  [no-untyped-def]
services/trade_executor/src/utils.py:1014: error: Function is missing a type annotation  [no-untyped-def]
services/trade_executor/src/utils.py:1018: error: Function is missing a type annotation  [no-untyped-def]
services/trade_executor/src/utils.py:1040: error: Function is missing a type annotation  [no-untyped-def]
services/trade_executor/src/utils.py:1044: error: Function is missing a type annotation  [no-untyped-def]
services/trade_executor/src/utils.py:1069: error: Function is missing a return type annotation  [no-untyped-def]
services/trade_executor/src/utils.py:1101: error: Function is missing a return type annotation  [no-untyped-def]
services/trade_executor/src/utils.py:1126: error: Function is missing a return type annotation  [no-untyped-def]
services/trade_executor/src/utils.py:1284: error: Function is missing a type annotation for one or more arguments  [no-untyped-def]
services/trade_executor/src/utils.py:1303: error: Function is missing a type annotation for one or more arguments  [no-untyped-def]
services/trade_executor/src/utils.py:1322: error: Function is missing a type annotation for one or more arguments  [no-untyped-def]
services/trade_executor/src/utils.py:1338: error: Function is missing a type annotation for one or more arguments  [no-untyped-def]
services/trade_executor/src/utils.py:1357: error: Function is missing a return type annotation  [no-untyped-def]
services/trade_executor/src/utils.py:1378: error: Function is missing a return type annotation  [no-untyped-def]
services/trade_executor/src/utils.py:1393: error: Function is missing a return type annotation  [no-untyped-def]
services/trade_executor/src/utils.py:1458: error: Function is missing a type annotation for one or more arguments  [no-untyped-def]
services/trade_executor/src/utils.py:1489: error: Function is missing a return type annotation  [no-untyped-def]
services/trade_executor/src/utils.py:1543: error: Function is missing a return type annotation  [no-untyped-def]
services/trade_executor/src/utils.py:1712: error: Function is missing a return type annotation  [no-untyped-def]
services/trade_executor/src/utils.py:1750: error: Function is missing a return type annotation  [no-untyped-def]